<?xml version="1.0" encoding="utf-8" standalone="no"?>
<!--This file represents the results of running a test suite-->
<test-results name="C:\Users\David\Documents\Visual Studio 2010\Projects\MusicCollection\MusicCollectionTest\MusicCollectionTest.nunit" total="633" errors="2" failures="7" not-run="11" inconclusive="0" ignored="11" skipped="0" invalid="0" date="2014-08-04" time="22:56:31">
  <environment nunit-version="2.5.10.11092" clr-version="2.0.50727.6413" os-version="Microsoft Windows NT 6.2.9200.0" platform="Win32NT" cwd="C:\Users\David\Documents\Visual Studio 2010\Projects\MusicCollection\MusicCollection" machine-name="PC-DAVID" user="David" user-domain="PC-DAVID" />
  <culture-info current-culture="pt-BR" current-uiculture="pt-BR" />
  <test-suite type="Test Project" name="C:\Users\David\Documents\Visual Studio 2010\Projects\MusicCollection\MusicCollectionTest\MusicCollectionTest.nunit" executed="True" result="Failure" success="False" time="3445.852" asserts="0">
    <results>
      <test-suite type="Assembly" name="C:\Users\David\Documents\Visual Studio 2010\Projects\MusicCollection\MusicCollectionTest\bin\Debug\MusicCollectionTest.dll" executed="True" result="Failure" success="False" time="3444.878" asserts="0">
        <results>
          <test-suite type="Namespace" name="MusicCollectionTest" executed="True" result="Failure" success="False" time="3444.874" asserts="0">
            <results>
              <test-suite type="Namespace" name="AmazonWebService" executed="True" result="Failure" success="False" time="76.267" asserts="0">
                <results>
                  <test-suite type="TestFixture" name="AmazonWebServices" executed="True" result="Failure" success="False" time="76.266" asserts="21">
                    <categories>
                      <category name="InternetConnectionDependant" />
                      <category name="Unitary" />
                      <category name="AmazonWebServices" />
                    </categories>
                    <results>
                      <test-case name="MusicCollectionTest.AmazonWebService.AmazonWebServices.TestAsin" executed="True" result="Success" success="True" time="12.839" asserts="3" />
                      <test-case name="MusicCollectionTest.AmazonWebService.AmazonWebServices.TestName1" executed="True" result="Success" success="True" time="2.106" asserts="2" />
                      <test-case name="MusicCollectionTest.AmazonWebService.AmazonWebServices.TestName2" executed="True" result="Failure" success="False" time="1.541" asserts="3">
                        <failure>
                          <message><![CDATA[  Expected: True
  But was:  False
]]></message>
                          <stack-trace><![CDATA[em MusicCollectionTest.TestObjects.AlbumComparer.AssertAlbumDescriptor(IFullAlbumDescriptor un, IFullAlbumDescriptor deux, AlbumDescriptorCompareMode mode, Boolean ignoredate) na c:\Users\David\Documents\Visual Studio 2010\Projects\MusicCollection\MusicCollectionTest\TestObjects\AlbumComparer.cs:linha 295
em MusicCollectionTest.AmazonWebService.AmazonWebServices.TestName2() na c:\Users\David\Documents\Visual Studio 2010\Projects\MusicCollection\MusicCollectionTest\AmazonWebService\AmazonWebServices.cs:linha 100
]]></stack-trace>
                        </failure>
                      </test-case>
                    </results>
                  </test-suite>
                </results>
              </test-suite>
              <test-suite type="Namespace" name="Behaviour" executed="True" result="Success" success="True" time="3.840" asserts="0">
                <results>
                  <test-suite type="TestFixture" name="ListBoxBehaviourTest" executed="True" result="Success" success="True" time="3.839" asserts="0">
                    <categories>
                      <category name="MusicCollectionWPF.Infra.Behaviour" />
                      <category name="Unitary" />
                    </categories>
                    <properties>
                      <property name="APARTMENT_STATE" value="STA" />
                    </properties>
                    <results>
                      <test-case name="MusicCollectionTest.Behaviour.ListBoxBehaviourTest.Selection_TwoWayBinding" executed="True" result="Success" success="True" time="3.429" asserts="0" />
                      <test-case name="MusicCollectionTest.Behaviour.ListBoxBehaviourTest.Selection_TwoWayBinding_WithRemove" executed="True" result="Success" success="True" time="0.119" asserts="0" />
                      <test-case name="MusicCollectionTest.Behaviour.ListBoxBehaviourTest.SelectionShoulBeSynchronized_TwoWay_Clear" executed="True" result="Success" success="True" time="0.078" asserts="0" />
                      <test-case name="MusicCollectionTest.Behaviour.ListBoxBehaviourTest.SelectionShoulBeSynchronizedOnAdd" executed="True" result="Success" success="True" time="0.066" asserts="0" />
                      <test-case name="MusicCollectionTest.Behaviour.ListBoxBehaviourTest.SelectionShoulBeSynchronizedOnInit" executed="True" result="Success" success="True" time="0.062" asserts="0" />
                      <test-case name="MusicCollectionTest.Behaviour.ListBoxBehaviourTest.SelectionShoulBeSynchronizedOnRemove" executed="True" result="Success" success="True" time="0.067" asserts="0" />
                    </results>
                  </test-suite>
                </results>
              </test-suite>
              <test-suite type="Namespace" name="DataExchange" executed="True" result="Success" success="True" time="24.915" asserts="0">
                <results>
                  <test-suite type="TestFixture" name="AlbumDescriptor_FromDiscogs" executed="True" result="Success" success="True" time="2.968" asserts="0">
                    <categories>
                      <category name="Unitary" />
                      <category name="DataExchange" />
                    </categories>
                    <results>
                      <test-case name="MusicCollectionTest.DataExchange.AlbumDescriptor_FromDiscogs.Test" executed="True" result="Success" success="True" time="2.966" asserts="0" />
                    </results>
                  </test-suite>
                  <test-suite type="TestFixture" name="AlbumDescriptor_Musicbrainz" executed="True" result="Inconclusive" success="False" time="0.081" asserts="0">
                    <categories>
                      <category name="Unitary" />
                      <category name="DataExchange" />
                    </categories>
                  </test-suite>
                  <test-suite type="TestFixture" name="AlbumDescriptorPersistence" executed="True" result="Success" success="True" time="0.523" asserts="0">
                    <categories>
                      <category name="DataExchange" />
                      <category name="Unitary" />
                    </categories>
                    <results>
                      <test-case name="MusicCollectionTest.DataExchange.AlbumDescriptorPersistence.Test" executed="True" result="Success" success="True" time="0.179" asserts="2" />
                    </results>
                  </test-suite>
                  <test-suite type="TestFixture" name="AlbumDescriptorTestor" executed="True" result="Success" success="True" time="0.459" asserts="25">
                    <categories>
                      <category name="Unitary" />
                      <category name="DataExchange" />
                    </categories>
                    <results>
                      <test-case name="MusicCollectionTest.DataExchange.AlbumDescriptorTestor.SimpleAlbumDescriptorFromAlbumModifier_Test" executed="True" result="Success" success="True" time="0.292" asserts="0" />
                      <test-case name="MusicCollectionTest.DataExchange.AlbumDescriptorTestor.Test" executed="True" result="Success" success="True" time="0.014" asserts="30" />
                      <test-case name="MusicCollectionTest.DataExchange.AlbumDescriptorTestor.Test_ICDInfoHandler" executed="True" result="Success" success="True" time="0.072" asserts="0" />
                      <test-case name="MusicCollectionTest.DataExchange.AlbumDescriptorTestor.Test_IITAudioCDPlaylist_With_Tracks" executed="True" result="Success" success="True" time="0.022" asserts="0" />
                      <test-case name="MusicCollectionTest.DataExchange.AlbumDescriptorTestor.Test_IITAudioCDPlaylist_Without_Track" executed="True" result="Success" success="True" time="0.001" asserts="0" />
                      <test-case name="MusicCollectionTest.DataExchange.AlbumDescriptorTestor.TestGetEditable" executed="True" result="Success" success="True" time="0.035" asserts="0" />
                      <test-case name="MusicCollectionTest.DataExchange.AlbumDescriptorTestor.TestInjectImages_Trivial" executed="True" result="Success" success="True" time="0.002" asserts="0" />
                      <test-case name="MusicCollectionTest.DataExchange.AlbumDescriptorTestor.TestMergeIDsFromCDInfos" executed="True" result="Success" success="True" time="0.000" asserts="0" />
                    </results>
                  </test-suite>
                  <test-suite type="TestFixture" name="DiscHashTest" executed="True" result="Success" success="True" time="0.001" asserts="0">
                    <categories>
                      <category name="Unitary" />
                      <category name="DataExchange" />
                    </categories>
                    <results>
                      <test-case name="MusicCollectionTest.DataExchange.DiscHashTest.BasicTest_MusicBrainzJsonInterpretor_FromMusicBrainzReleasesResult" executed="True" result="Success" success="True" time="0.000" asserts="0" />
                    </results>
                  </test-suite>
                  <test-suite type="TestFixture" name="DiscIDsTestor" executed="True" result="Success" success="True" time="0.075" asserts="0">
                    <categories>
                      <category name="DataExchange" />
                      <category name="Unitary" />
                    </categories>
                    <results>
                      <test-case name="MusicCollectionTest.DataExchange.DiscIDsTestor.Test" executed="True" result="Success" success="True" time="0.071" asserts="0" />
                      <test-case name="MusicCollectionTest.DataExchange.DiscIDsTestor.Test_Empty" executed="True" result="Success" success="True" time="0.000" asserts="0" />
                    </results>
                  </test-suite>
                  <test-suite type="TestFixture" name="Freedb" executed="True" result="Success" success="True" time="0.009" asserts="0">
                    <categories>
                      <category name="Unitary" />
                      <category name="DataExchange" />
                    </categories>
                    <results>
                      <test-case name="MusicCollectionTest.DataExchange.Freedb.Test" executed="True" result="Success" success="True" time="0.003" asserts="1" />
                      <test-case name="MusicCollectionTest.DataExchange.Freedb.Test_Pourri" executed="True" result="Success" success="True" time="0.000" asserts="1" />
                    </results>
                  </test-suite>
                  <test-suite type="TestFixture" name="iTunesCDInformationReader" executed="True" result="Inconclusive" success="False" time="0.002" asserts="0">
                    <categories>
                      <category name="Unitary" />
                      <category name="DataExchange" />
                    </categories>
                    <results>
                      <test-case name="MusicCollectionTest.DataExchange.iTunesCDInformationReader.Test" executed="False" result="Ignored">
                        <reason>
                          <message><![CDATA[CD Not Inserted.  Omitting.]]></message>
                        </reason>
                      </test-case>
                    </results>
                  </test-suite>
                  <test-suite type="TestFixture" name="PathTrackDescriptorTest" executed="True" result="Success" success="True" time="0.721" asserts="0">
                    <categories>
                      <category name="Unitary" />
                      <category name="DataExchange" />
                    </categories>
                    <results>
                      <test-case name="MusicCollectionTest.DataExchange.PathTrackDescriptorTest.Test" executed="True" result="Success" success="True" time="0.630" asserts="0" />
                      <test-case name="MusicCollectionTest.DataExchange.PathTrackDescriptorTest.Test_Error" executed="True" result="Success" success="True" time="0.087" asserts="0" />
                    </results>
                  </test-suite>
                  <test-suite type="TestFixture" name="Phone8HelperTest" executed="True" result="Success" success="True" time="19.768" asserts="0">
                    <categories>
                      <category name="DataExchange" />
                      <category name="Integrated" />
                    </categories>
                    <results>
                      <test-case name="MusicCollectionTest.DataExchange.Phone8HelperTest.Test" executed="True" result="Success" success="True" time="19.534" asserts="3" />
                    </results>
                  </test-suite>
                  <test-suite type="TestFixture" name="ReadCue" executed="True" result="Success" success="True" time="0.101" asserts="0">
                    <categories>
                      <category name="Unitary" />
                      <category name="DataExchange" />
                    </categories>
                    <results>
                      <test-case name="MusicCollectionTest.DataExchange.ReadCue.Test" executed="True" result="Success" success="True" time="0.029" asserts="270" />
                      <test-case name="MusicCollectionTest.DataExchange.ReadCue.TestDiscnumber" executed="True" result="Success" success="True" time="0.001" asserts="0" />
                      <test-case name="MusicCollectionTest.DataExchange.ReadCue.TestPourri" executed="True" result="Success" success="True" time="0.046" asserts="1" />
                    </results>
                  </test-suite>
                  <test-suite type="TestFixture" name="TimeCueIndexerTestor" executed="True" result="Success" success="True" time="0.167" asserts="0">
                    <categories>
                      <category name="DataExchange" />
                      <category name="Unitary" />
                    </categories>
                    <results>
                      <test-case name="MusicCollectionTest.DataExchange.TimeCueIndexerTestor.Test_Compare_NotSame" executed="True" result="Success" success="True" time="0.000" asserts="0" />
                      <test-case name="MusicCollectionTest.DataExchange.TimeCueIndexerTestor.Test_Compare_Same" executed="True" result="Success" success="True" time="0.000" asserts="0" />
                      <test-case name="MusicCollectionTest.DataExchange.TimeCueIndexerTestor.Test_Const_Default" executed="True" result="Success" success="True" time="0.001" asserts="0" />
                      <test-case name="MusicCollectionTest.DataExchange.TimeCueIndexerTestor.Test_Incoherent_Const_Minute_should_be_less_than_100" executed="True" result="Success" success="True" time="0.001" asserts="0" />
                      <test-case name="MusicCollectionTest.DataExchange.TimeCueIndexerTestor.Test_Incoherent_Const_Second_should_be_less_than_60" executed="True" result="Success" success="True" time="0.001" asserts="0" />
                      <test-case name="MusicCollectionTest.DataExchange.TimeCueIndexerTestor.Test_Incoherent_Const_Second_should_be_less_than_75" executed="True" result="Success" success="True" time="0.001" asserts="0" />
                      <test-case name="MusicCollectionTest.DataExchange.TimeCueIndexerTestor.TimeCueIndexer_Converter_TotalFrameConst" executed="True" result="Success" success="True" time="0.001" asserts="0" />
                      <test-case name="MusicCollectionTest.DataExchange.TimeCueIndexerTestor.TimeCueIndexerConverter_Converter_Basic" executed="True" result="Success" success="True" time="0.141" asserts="0" />
                      <test-case name="MusicCollectionTest.DataExchange.TimeCueIndexerTestor.TimeCueIndexerConverter_Converter_Convertion" executed="True" result="Success" success="True" time="0.001" asserts="0" />
                      <test-case name="MusicCollectionTest.DataExchange.TimeCueIndexerTestor.TimeCueIndexerConverter_Converter_Convertion_To_String" executed="True" result="Success" success="True" time="0.001" asserts="0" />
                      <test-case name="MusicCollectionTest.DataExchange.TimeCueIndexerTestor.TimeCueIndexerConverter_Converter_TimeSpan" executed="True" result="Success" success="True" time="0.000" asserts="0" />
                    </results>
                  </test-suite>
                </results>
              </test-suite>
              <test-suite type="Namespace" name="Discogs" executed="True" result="Success" success="True" time="6.238" asserts="0">
                <results>
                  <test-suite type="TestFixture" name="Discogs2FinderTester" executed="True" result="Success" success="True" time="2.723" asserts="0">
                    <categories>
                      <category name="Unitary" />
                      <category name="Discogs2" />
                    </categories>
                    <results>
                      <test-case name="MusicCollectionTest.Discogs.Discogs2FinderTester.Discogs2FinderTester_Deactivated" executed="True" result="Success" success="True" time="0.109" asserts="0" />
                      <test-case name="MusicCollectionTest.Discogs.Discogs2FinderTester.Discogs2FinderTester_NoAlbum" executed="True" result="Success" success="True" time="0.001" asserts="0" />
                      <test-case name="MusicCollectionTest.Discogs.Discogs2FinderTester.Discogs2FinderTester_NoResult" executed="True" result="Success" success="True" time="0.578" asserts="0" />
                      <test-case name="MusicCollectionTest.Discogs.Discogs2FinderTester.Discogs2FinderTester_PartialResult" executed="True" result="Success" success="True" time="2.020" asserts="0" />
                      <test-case name="MusicCollectionTest.Discogs.Discogs2FinderTester.Discogs2FinderTester_ProblemWithInternet" executed="True" result="Success" success="True" time="0.001" asserts="0" />
                      <test-case name="MusicCollectionTest.Discogs.Discogs2FinderTester.Discogs2FinderTester_Query_Null" executed="True" result="Success" success="True" time="0.001" asserts="0" />
                    </results>
                  </test-suite>
                  <test-suite type="TestFixture" name="Discogs2HelperTester" executed="True" result="Success" success="True" time="3.511" asserts="0">
                    <categories>
                      <category name="Discogs2" />
                      <category name="InternetConnectionDependant" />
                      <category name="Unitary" />
                    </categories>
                    <results>
                      <test-case name="MusicCollectionTest.Discogs.Discogs2HelperTester.StringAlbumParserTester" executed="True" result="Success" success="True" time="3.510" asserts="3" />
                    </results>
                  </test-suite>
                </results>
              </test-suite>
              <test-suite type="Namespace" name="Freedb" executed="True" result="Success" success="True" time="5.527" asserts="0">
                <results>
                  <test-suite type="TestFixture" name="FreedbCDInfoProviderTester" executed="True" result="Success" success="True" time="5.527" asserts="0">
                    <categories>
                      <category name="Unitary" />
                      <category name="InternetCDInfoProvider" />
                      <category name="InternetConnectionDependant" />
                    </categories>
                    <results>
                      <test-case name="MusicCollectionTest.Freedb.FreedbCDInfoProviderTester.Test" executed="True" result="Success" success="True" time="5.159" asserts="2" />
                      <test-case name="MusicCollectionTest.Freedb.FreedbCDInfoProviderTester.Test_LetsGoHaking_NotNullStreamResponse" executed="True" result="Success" success="True" time="0.054" asserts="1" />
                      <test-case name="MusicCollectionTest.Freedb.FreedbCDInfoProviderTester.Test_LetsGoHaking_NotNullStreamResponse_CorruptedFile" executed="True" result="Success" success="True" time="0.053" asserts="1" />
                      <test-case name="MusicCollectionTest.Freedb.FreedbCDInfoProviderTester.Test_LetsGoHaking_NotNullStreamResponse_ResponseK0_MultipleReasons" executed="True" result="Success" success="True" time="0.090" asserts="1" />
                      <test-case name="MusicCollectionTest.Freedb.FreedbCDInfoProviderTester.Test_LetsGoHaking_NotNullStreamResponse_ResponseOK" executed="True" result="Success" success="True" time="0.051" asserts="1" />
                      <test-case name="MusicCollectionTest.Freedb.FreedbCDInfoProviderTester.Test_LetsGoHaking_NotNullStreamResponse_Sever500" executed="True" result="Success" success="True" time="0.048" asserts="1" />
                      <test-case name="MusicCollectionTest.Freedb.FreedbCDInfoProviderTester.Test_LetsGoHaking_NullStreamResponse" executed="True" result="Success" success="True" time="0.049" asserts="1" />
                    </results>
                  </test-suite>
                </results>
              </test-suite>
              <test-suite type="Namespace" name="Fundation" executed="True" result="Success" success="True" time="0.034" asserts="0">
                <results>
                  <test-suite type="TestFixture" name="AlbumListSizeCheckerTestor" executed="True" result="Success" success="True" time="0.033" asserts="0">
                    <categories>
                      <category name="Implementation" />
                      <category name="Unitary" />
                    </categories>
                    <results>
                      <test-case name="MusicCollectionTest.Fundation.AlbumListSizeCheckerTestor.Test_0" executed="True" result="Success" success="True" time="0.004" asserts="0" />
                      <test-case name="MusicCollectionTest.Fundation.AlbumListSizeCheckerTestor.Test_1" executed="True" result="Success" success="True" time="0.022" asserts="0" />
                      <test-case name="MusicCollectionTest.Fundation.AlbumListSizeCheckerTestor.Test_2" executed="True" result="Success" success="True" time="0.000" asserts="0" />
                    </results>
                  </test-suite>
                </results>
              </test-suite>
              <test-suite type="Namespace" name="GraceNoteTest" executed="True" result="Success" success="True" time="0.080" asserts="0">
                <results>
                  <test-suite type="TestFixture" name="GraceNoteTest" executed="True" result="Success" success="True" time="0.080" asserts="0">
                    <categories>
                      <category name="GraceNote" />
                      <category name="Unitary" />
                    </categories>
                    <results>
                      <test-case name="MusicCollectionTest.GraceNoteTest.GraceNoteTest.Test_TOC" executed="True" result="Success" success="True" time="0.079" asserts="0" />
                    </results>
                  </test-suite>
                </results>
              </test-suite>
              <test-suite type="Namespace" name="Implementation" executed="True" result="Success" success="True" time="0.092" asserts="0">
                <results>
                  <test-suite type="TestFixture" name="StringParserTester" executed="True" result="Success" success="True" time="0.092" asserts="0">
                    <categories>
                      <category name="Unitary" />
                      <category name="Implementation" />
                    </categories>
                    <results>
                      <test-case name="MusicCollectionTest.Implementation.StringParserTester.StringAlbumParserTester" executed="True" result="Success" success="True" time="0.001" asserts="12" />
                      <test-case name="MusicCollectionTest.Implementation.StringParserTester.StringTrackParserTester" executed="True" result="Success" success="True" time="0.001" asserts="18" />
                    </results>
                  </test-suite>
                </results>
              </test-suite>
              <test-suite type="Namespace" name="Infra" executed="True" result="Success" success="True" time="49.064" asserts="0">
                <results>
                  <test-suite type="TestFixture" name="CommunicationTest" executed="True" result="Success" success="True" time="21.384" asserts="0">
                    <categories>
                      <category name="Infra" />
                      <category name="Unitary" />
                    </categories>
                    <results>
                      <test-case name="MusicCollectionTest.Infra.CommunicationTest.Test_NotFound_NotRunned" executed="True" result="Success" success="True" time="0.326" asserts="0" />
                      <test-case name="MusicCollectionTest.Infra.CommunicationTest.Test_NotFound_WrongAdress" executed="True" result="Success" success="True" time="0.294" asserts="0" />
                      <test-case name="MusicCollectionTest.Infra.CommunicationTest.Test_NotFound_WrongName" executed="True" result="Success" success="True" time="0.043" asserts="0" />
                      <test-case name="MusicCollectionTest.Infra.CommunicationTest.Test_OK_IsOK" executed="True" result="Success" success="True" time="10.690" asserts="0" />
                      <test-case name="MusicCollectionTest.Infra.CommunicationTest.Test_OK_IsOK_SimpleForm" executed="True" result="Success" success="True" time="10.017" asserts="0" />
                    </results>
                  </test-suite>
                  <test-suite type="TestFixture" name="DictionaryExtensionTest" executed="True" result="Success" success="True" time="2.088" asserts="0">
                    <categories>
                      <category name="Infra" />
                      <category name="Unitary" />
                    </categories>
                    <results>
                      <test-case name="MusicCollectionTest.Infra.DictionaryExtensionTest.Test_DictionaryExtension_Add_Or_Update" executed="True" result="Success" success="True" time="0.002" asserts="0" />
                      <test-case name="MusicCollectionTest.Infra.DictionaryExtensionTest.Test_DictionaryExtension_Basic" executed="True" result="Success" success="True" time="0.002" asserts="0" />
                      <test-case name="MusicCollectionTest.Infra.DictionaryExtensionTest.Test_DictionaryExtension_FindOrCreate_ThreadSafe" executed="True" result="Success" success="True" time="0.001" asserts="0" />
                      <test-case name="MusicCollectionTest.Infra.DictionaryExtensionTest.Test_DictionaryExtension_FindOrCreate_ThreadSafe_ThreadTest" executed="True" result="Success" success="True" time="2.007" asserts="0" />
                      <test-case name="MusicCollectionTest.Infra.DictionaryExtensionTest.Test_DictionaryExtension_Import" executed="True" result="Success" success="True" time="0.065" asserts="0" />
                    </results>
                  </test-suite>
                  <test-suite type="TestFixture" name="EnumerableExtenderTestor" executed="True" result="Success" success="True" time="3.558" asserts="0">
                    <categories>
                      <category name="ToolBox" />
                      <category name="Unitary" />
                    </categories>
                    <results>
                      <test-case name="MusicCollectionTest.Infra.EnumerableExtenderTestor.Test_From_Track_Basic" executed="True" result="Success" success="True" time="3.343" asserts="0" />
                      <test-case name="MusicCollectionTest.Infra.EnumerableExtenderTestor.Test_From_Track_NotKnown" executed="True" result="Success" success="True" time="0.006" asserts="0" />
                      <test-case name="MusicCollectionTest.Infra.EnumerableExtenderTestor.Test_From_Track_Null" executed="True" result="Success" success="True" time="0.001" asserts="0" />
                      <test-case name="MusicCollectionTest.Infra.EnumerableExtenderTestor.Test_FromAlbum_Basic" executed="True" result="Success" success="True" time="0.025" asserts="0" />
                      <test-case name="MusicCollectionTest.Infra.EnumerableExtenderTestor.Test_FromAlbum_ConvertAlbums" executed="True" result="Success" success="True" time="0.031" asserts="0" />
                      <test-case name="MusicCollectionTest.Infra.EnumerableExtenderTestor.Test_FromAlbum_ConvertTracks" executed="True" result="Success" success="True" time="0.028" asserts="0" />
                    </results>
                  </test-suite>
                  <test-suite type="TestFixture" name="EnumExtenderTester" executed="True" result="Success" success="True" time="0.050" asserts="0">
                    <categories>
                      <category name="Unitary" />
                      <category name="Infra" />
                    </categories>
                    <results>
                      <test-case name="MusicCollectionTest.Infra.EnumExtenderTester.Test" executed="True" result="Success" success="True" time="0.048" asserts="0" />
                    </results>
                  </test-suite>
                  <test-suite type="TestFixture" name="FileServiceTest" executed="True" result="Success" success="True" time="0.107" asserts="0">
                    <categories>
                      <category name="Unitary" />
                      <category name="Infra" />
                    </categories>
                    <results>
                      <test-case name="MusicCollectionTest.Infra.FileServiceTest.GetFileType_Test" executed="True" result="Success" success="True" time="0.000" asserts="0" />
                      <test-case name="MusicCollectionTest.Infra.FileServiceTest.test_const" executed="True" result="Success" success="True" time="0.001" asserts="0" />
                      <test-case name="MusicCollectionTest.Infra.FileServiceTest.test_GetFileStatus" executed="True" result="Success" success="True" time="0.000" asserts="0" />
                      <test-case name="MusicCollectionTest.Infra.FileServiceTest.test_GetImagesFilesSelectString" executed="True" result="Success" success="True" time="0.001" asserts="0" />
                      <test-case name="MusicCollectionTest.Infra.FileServiceTest.test_GetPathRoot" executed="True" result="Success" success="True" time="0.089" asserts="0" />
                      <test-case name="MusicCollectionTest.Infra.FileServiceTest.test_GetRarFilesSelectString" executed="True" result="Success" success="True" time="0.001" asserts="0" />
                      <test-case name="MusicCollectionTest.Infra.FileServiceTest.test_PotentialRemovable" executed="True" result="Success" success="True" time="0.000" asserts="0" />
                    </results>
                  </test-suite>
                  <test-suite type="TestFixture" name="FileSizeTestor" executed="True" result="Success" success="True" time="0.013" asserts="0">
                    <categories>
                      <category name="Unitary" />
                      <category name="Infra" />
                    </categories>
                    <results>
                      <test-case name="MusicCollectionTest.Infra.FileSizeTestor.Test" executed="True" result="Success" success="True" time="0.001" asserts="0" />
                      <test-case name="MusicCollectionTest.Infra.FileSizeTestor.Test2" executed="True" result="Success" success="True" time="0.001" asserts="0" />
                      <test-case name="MusicCollectionTest.Infra.FileSizeTestor.Test3" executed="True" result="Success" success="True" time="0.000" asserts="0" />
                      <test-case name="MusicCollectionTest.Infra.FileSizeTestor.Test4" executed="True" result="Success" success="True" time="0.000" asserts="0" />
                      <test-case name="MusicCollectionTest.Infra.FileSizeTestor.Test5" executed="True" result="Success" success="True" time="0.000" asserts="0" />
                      <test-case name="MusicCollectionTest.Infra.FileSizeTestor.Test6" executed="True" result="Success" success="True" time="0.000" asserts="0" />
                    </results>
                  </test-suite>
                  <test-suite type="TestFixture" name="GetSubstringTestor" executed="True" result="Success" success="True" time="0.007" asserts="0">
                    <categories>
                      <category name="Unitary" />
                      <category name="Infra" />
                    </categories>
                    <results>
                      <test-case name="MusicCollectionTest.Infra.GetSubstringTestor.SubstringsTestor" executed="True" result="Success" success="True" time="0.002" asserts="4" />
                      <test-case name="MusicCollectionTest.Infra.GetSubstringTestor.SubstringTestor" executed="True" result="Success" success="True" time="0.002" asserts="61" />
                    </results>
                  </test-suite>
                  <test-suite type="TestFixture" name="IEnumerableAlgoExtenderTestor" executed="True" result="Success" success="True" time="11.306" asserts="0">
                    <categories>
                      <category name="Unitary" />
                      <category name="Infra" />
                    </categories>
                    <results>
                      <test-case name="MusicCollectionTest.Infra.IEnumerableAlgoExtenderTestor.Test_Empty_MinBy" executed="True" result="Success" success="True" time="0.003" asserts="0" />
                      <test-case name="MusicCollectionTest.Infra.IEnumerableAlgoExtenderTestor.Test_MaxBy_List_Classic" executed="True" result="Success" success="True" time="0.905" asserts="0" />
                      <test-case name="MusicCollectionTest.Infra.IEnumerableAlgoExtenderTestor.Test_MinBy_List_Classic" executed="True" result="Success" success="True" time="1.068" asserts="0" />
                      <test-case name="MusicCollectionTest.Infra.IEnumerableAlgoExtenderTestor.Test_MinBy_List_Classic_Comparer" executed="True" result="Success" success="True" time="0.914" asserts="0" />
                      <test-case name="MusicCollectionTest.Infra.IEnumerableAlgoExtenderTestor.Test_Negative" executed="True" result="Success" success="True" time="0.004" asserts="0" />
                      <test-case name="MusicCollectionTest.Infra.IEnumerableAlgoExtenderTestor.Test_Null" executed="True" result="Success" success="True" time="0.002" asserts="0" />
                      <test-case name="MusicCollectionTest.Infra.IEnumerableAlgoExtenderTestor.Test_Null_MinBy" executed="True" result="Success" success="True" time="0.002" asserts="0" />
                      <test-case name="MusicCollectionTest.Infra.IEnumerableAlgoExtenderTestor.Test_Sort_All" executed="True" result="Success" success="True" time="0.014" asserts="0" />
                      <test-case name="MusicCollectionTest.Infra.IEnumerableAlgoExtenderTestor.Test_Sort_Int" executed="True" result="Success" success="True" time="0.120" asserts="0" />
                      <test-case name="MusicCollectionTest.Infra.IEnumerableAlgoExtenderTestor.Test_Sort_Int_Parrellel" executed="True" result="Success" success="True" time="0.011" asserts="0" />
                      <test-case name="MusicCollectionTest.Infra.IEnumerableAlgoExtenderTestor.Test_Sort_Int_Parrellel_BadUsage" executed="True" result="Success" success="True" time="0.003" asserts="0" />
                      <test-case name="MusicCollectionTest.Infra.IEnumerableAlgoExtenderTestor.Test_Sort_Int_Parrellel_NonParelele" executed="True" result="Success" success="True" time="0.002" asserts="0" />
                      <test-case name="MusicCollectionTest.Infra.IEnumerableAlgoExtenderTestor.Test_Sort_Int_Reverse" executed="True" result="Success" success="True" time="0.021" asserts="0" />
                      <test-case name="MusicCollectionTest.Infra.IEnumerableAlgoExtenderTestor.Test_Sort_MyObject" executed="True" result="Success" success="True" time="1.828" asserts="0" />
                      <test-case name="MusicCollectionTest.Infra.IEnumerableAlgoExtenderTestor.Test_Sort_MyObject_2" executed="True" result="Success" success="True" time="1.794" asserts="0" />
                      <test-case name="MusicCollectionTest.Infra.IEnumerableAlgoExtenderTestor.Test_Sort_MyObjectFull_2" executed="True" result="Success" success="True" time="0.416" asserts="0" />
                      <test-case name="MusicCollectionTest.Infra.IEnumerableAlgoExtenderTestor.Test_SortFull_MyObject" executed="True" result="Success" success="True" time="4.151" asserts="0" />
                    </results>
                  </test-suite>
                  <test-suite type="TestFixture" name="ItemFinderTestor" executed="True" result="Success" success="True" time="0.051" asserts="0">
                    <categories>
                      <category name="Infra" />
                      <category name="Unitary" />
                    </categories>
                    <results>
                      <test-case name="MusicCollectionTest.Infra.ItemFinderTestor.Test" executed="True" result="Success" success="True" time="0.023" asserts="0" />
                    </results>
                  </test-suite>
                  <test-suite type="TestFixture" name="ListExtensionTestor" executed="True" result="Success" success="True" time="0.077" asserts="0">
                    <categories>
                      <category name="Unitary" />
                      <category name="Infra" />
                    </categories>
                    <results>
                      <test-case name="MusicCollectionTest.Infra.ListExtensionTestor.AddCollection_addnull" executed="True" result="Success" success="True" time="0.001" asserts="0" />
                      <test-case name="MusicCollectionTest.Infra.ListExtensionTestor.AddCollection_normal" executed="True" result="Success" success="True" time="0.000" asserts="0" />
                      <test-case name="MusicCollectionTest.Infra.ListExtensionTestor.AddCollection_null" executed="True" result="Success" success="True" time="0.000" asserts="0" />
                      <test-case name="MusicCollectionTest.Infra.ListExtensionTestor.Apply_First" executed="True" result="Success" success="True" time="0.000" asserts="0" />
                      <test-case name="MusicCollectionTest.Infra.ListExtensionTestor.Apply_Second" executed="True" result="Success" success="True" time="0.000" asserts="0" />
                      <test-case name="MusicCollectionTest.Infra.ListExtensionTestor.BinarySearch_In" executed="True" result="Success" success="True" time="0.001" asserts="0" />
                      <test-case name="MusicCollectionTest.Infra.ListExtensionTestor.Index" executed="True" result="Success" success="True" time="0.004" asserts="0" />
                      <test-case name="MusicCollectionTest.Infra.ListExtensionTestor.InternalBinarySearch_ArgumentNullException" executed="True" result="Success" success="True" time="0.000" asserts="0" />
                      <test-case name="MusicCollectionTest.Infra.ListExtensionTestor.OrberWithIndexBy_First" executed="True" result="Success" success="True" time="0.003" asserts="0" />
                      <test-case name="MusicCollectionTest.Infra.ListExtensionTestor.OrberWithIndexBy_Second" executed="True" result="Success" success="True" time="0.001" asserts="0" />
                      <test-case name="MusicCollectionTest.Infra.ListExtensionTestor.OrberWithIndexBy_Third" executed="True" result="Success" success="True" time="0.003" asserts="0" />
                      <test-case name="MusicCollectionTest.Infra.ListExtensionTestor.Randomize_Capacity_Basic" executed="True" result="Success" success="True" time="0.005" asserts="0" />
                      <test-case name="MusicCollectionTest.Infra.ListExtensionTestor.Randomize_Capacity_Basic_Big" executed="True" result="Success" success="True" time="0.001" asserts="0" />
                      <test-case name="MusicCollectionTest.Infra.ListExtensionTestor.Randomize_Capacity_Basic_NoGood" executed="True" result="Success" success="True" time="0.000" asserts="0" />
                      <test-case name="MusicCollectionTest.Infra.ListExtensionTestor.Randomize_Randomize_T" executed="True" result="Success" success="True" time="0.001" asserts="0" />
                      <test-case name="MusicCollectionTest.Infra.ListExtensionTestor.Randomize_Randomized_ItemT" executed="True" result="Success" success="True" time="0.001" asserts="0" />
                      <test-case name="MusicCollectionTest.Infra.ListExtensionTestor.Randomize_Randomized_ItemT_Empty" executed="True" result="Success" success="True" time="0.001" asserts="0" />
                      <test-case name="MusicCollectionTest.Infra.ListExtensionTestor.Randomize_Randomized_ItemT_IEnumerable" executed="True" result="Success" success="True" time="0.001" asserts="0" />
                      <test-case name="MusicCollectionTest.Infra.ListExtensionTestor.Randomize_Randomized_ItemT_Null" executed="True" result="Success" success="True" time="0.000" asserts="0" />
                      <test-case name="MusicCollectionTest.Infra.ListExtensionTestor.Randomize_Randomized_ItemT_Null_IEnumerable" executed="True" result="Success" success="True" time="0.000" asserts="0" />
                      <test-case name="MusicCollectionTest.Infra.ListExtensionTestor.SequenceEqual_First" executed="True" result="Success" success="True" time="0.001" asserts="0" />
                      <test-case name="MusicCollectionTest.Infra.ListExtensionTestor.SequenceEqual_Second" executed="True" result="Success" success="True" time="0.000" asserts="0" />
                      <test-case name="MusicCollectionTest.Infra.ListExtensionTestor.SequenceEqual_Third" executed="True" result="Success" success="True" time="0.000" asserts="0" />
                      <test-case name="MusicCollectionTest.Infra.ListExtensionTestor.SingleItemCollection_null" executed="True" result="Success" success="True" time="0.001" asserts="0" />
                      <test-case name="MusicCollectionTest.Infra.ListExtensionTestor.SingleItemCollection_standard" executed="True" result="Success" success="True" time="0.001" asserts="0" />
                    </results>
                  </test-suite>
                  <test-suite type="TestFixture" name="ListLiveQueryExtensionTest" executed="True" result="Success" success="True" time="0.069" asserts="0">
                    <categories>
                      <category name="Unitary" />
                      <category name="Infra" />
                    </categories>
                    <results>
                      <test-case name="MusicCollectionTest.Infra.ListLiveQueryExtensionTest.LiveOrderBy_Test" executed="True" result="Success" success="True" time="0.024" asserts="0" />
                      <test-case name="MusicCollectionTest.Infra.ListLiveQueryExtensionTest.LiveReadOnly_Test" executed="True" result="Success" success="True" time="0.003" asserts="0" />
                      <test-case name="MusicCollectionTest.Infra.ListLiveQueryExtensionTest.LiveReadOnly_Test_2" executed="True" result="Success" success="True" time="0.002" asserts="0" />
                      <test-case name="MusicCollectionTest.Infra.ListLiveQueryExtensionTest.LiveSelect_Test" executed="True" result="Success" success="True" time="0.011" asserts="0" />
                      <test-case name="MusicCollectionTest.Infra.ListLiveQueryExtensionTest.LiveToLookUp_Test" executed="True" result="Success" success="True" time="0.010" asserts="0" />
                      <test-case name="MusicCollectionTest.Infra.ListLiveQueryExtensionTest.SelectLive_Test" executed="True" result="Success" success="True" time="0.005" asserts="0" />
                    </results>
                  </test-suite>
                  <test-suite type="TestFixture" name="NotifySimpleAdapterTester" executed="True" result="Success" success="True" time="0.156" asserts="0">
                    <categories>
                      <category name="Unitary" />
                      <category name="ToolBox" />
                    </categories>
                    <results>
                      <test-case name="MusicCollectionTest.Infra.NotifySimpleAdapterTester.Test" executed="True" result="Success" success="True" time="0.066" asserts="17" />
                    </results>
                  </test-suite>
                  <test-suite type="TestFixture" name="PriorityQueueTest" executed="True" result="Success" success="True" time="0.152" asserts="0">
                    <categories>
                      <category name="Unitary" />
                      <category name="Infra" />
                    </categories>
                    <results>
                      <test-case name="MusicCollectionTest.Infra.PriorityQueueTest.GCTesting" executed="True" result="Success" success="True" time="0.096" asserts="0" />
                      <test-case name="MusicCollectionTest.Infra.PriorityQueueTest.TestComparer" executed="True" result="Success" success="True" time="0.000" asserts="0" />
                      <test-case name="MusicCollectionTest.Infra.PriorityQueueTest.TestCopyTo" executed="True" result="Success" success="True" time="0.023" asserts="0" />
                      <test-case name="MusicCollectionTest.Infra.PriorityQueueTest.TestDequeueing" executed="True" result="Success" success="True" time="0.002" asserts="0" />
                      <test-case name="MusicCollectionTest.Infra.PriorityQueueTest.TestEnqueueing" executed="True" result="Success" success="True" time="0.000" asserts="0" />
                      <test-case name="MusicCollectionTest.Infra.PriorityQueueTest.TestEnumerator" executed="True" result="Success" success="True" time="0.000" asserts="0" />
                      <test-case name="MusicCollectionTest.Infra.PriorityQueueTest.TestEnumeratorWithEnqueue" executed="True" result="Success" success="True" time="0.001" asserts="0" />
                      <test-case name="MusicCollectionTest.Infra.PriorityQueueTest.TestGrowingQueue" executed="True" result="Success" success="True" time="0.001" asserts="0" />
                      <test-case name="MusicCollectionTest.Infra.PriorityQueueTest.TestGrowingQueue2" executed="True" result="Success" success="True" time="0.001" asserts="0" />
                      <test-case name="MusicCollectionTest.Infra.PriorityQueueTest.TestPeek" executed="True" result="Success" success="True" time="0.001" asserts="0" />
                      <test-case name="MusicCollectionTest.Infra.PriorityQueueTest.TestPeek_Exception" executed="True" result="Success" success="True" time="0.001" asserts="0" />
                      <test-case name="MusicCollectionTest.Infra.PriorityQueueTest.TestPriorityType" executed="True" result="Success" success="True" time="0.000" asserts="0" />
                      <test-case name="MusicCollectionTest.Infra.PriorityQueueTest.TestPriorityType2" executed="True" result="Success" success="True" time="0.000" asserts="0" />
                      <test-case name="MusicCollectionTest.Infra.PriorityQueueTest.TestWrongCapacity" executed="True" result="Success" success="True" time="0.000" asserts="0" />
                    </results>
                  </test-suite>
                  <test-suite type="TestFixture" name="SpaceCheckerTest" executed="True" result="Success" success="True" time="0.008" asserts="0">
                    <categories>
                      <category name="Unitary" />
                      <category name="Infra" />
                    </categories>
                    <results>
                      <test-case name="MusicCollectionTest.Infra.SpaceCheckerTest.Test_0" executed="True" result="Success" success="True" time="0.001" asserts="0" />
                      <test-case name="MusicCollectionTest.Infra.SpaceCheckerTest.Test_1" executed="True" result="Success" success="True" time="0.000" asserts="0" />
                      <test-case name="MusicCollectionTest.Infra.SpaceCheckerTest.Test_3" executed="True" result="Success" success="True" time="0.002" asserts="0" />
                    </results>
                  </test-suite>
                  <test-suite type="TestFixture" name="StringExpressionTester" executed="True" result="Success" success="True" time="0.122" asserts="0">
                    <categories>
                      <category name="Unitary" />
                      <category name="Infra" />
                    </categories>
                    <results>
                      <test-case name="MusicCollectionTest.Infra.StringExpressionTester.ExpressionFilterBuilder" executed="True" result="Success" success="True" time="0.020" asserts="161" />
                      <test-case name="MusicCollectionTest.Infra.StringExpressionTester.ExpressionMemberFilter" executed="True" result="Success" success="True" time="0.089" asserts="16" />
                      <test-case name="MusicCollectionTest.Infra.StringExpressionTester.TestExpressionFilterBuilderCache" executed="True" result="Success" success="True" time="0.001" asserts="0" />
                    </results>
                  </test-suite>
                  <test-suite type="TestFixture" name="stringExtensionTestor" executed="True" result="Success" success="True" time="0.773" asserts="0">
                    <categories>
                      <category name="Unitary" />
                      <category name="Infra" />
                    </categories>
                    <results>
                      <test-case name="MusicCollectionTest.Infra.stringExtensionTestor.Test" executed="True" result="Success" success="True" time="0.006" asserts="9" />
                      <test-case name="MusicCollectionTest.Infra.stringExtensionTestor.Test2" executed="True" result="Success" success="True" time="0.764" asserts="0" />
                    </results>
                  </test-suite>
                  <test-suite type="Namespace" name="TaskTest" executed="True" result="Success" success="True" time="7.007" asserts="0">
                    <results>
                      <test-suite type="TestFixture" name="TaskExtenderTester" executed="True" result="Success" success="True" time="7.007" asserts="0">
                        <categories>
                          <category name="Unitary" />
                          <category name="Infra" />
                        </categories>
                        <results>
                          <test-case name="MusicCollectionTest.Infra.TaskTest.TaskExtenderTester.Test_Cancelled" executed="True" result="Success" success="True" time="7.003" asserts="0" />
                          <test-case name="MusicCollectionTest.Infra.TaskTest.TaskExtenderTester.Test_OK" executed="True" result="Success" success="True" time="0.001" asserts="0" />
                        </results>
                      </test-suite>
                    </results>
                  </test-suite>
                  <test-suite type="TestFixture" name="ThreadPriorityTest" executed="True" result="Success" success="True" time="0.002" asserts="0">
                    <categories>
                      <category name="Infra" />
                      <category name="Unitary" />
                    </categories>
                    <results>
                      <test-case name="MusicCollectionTest.Infra.ThreadPriorityTest.FromCurrentThread_Test" executed="True" result="Success" success="True" time="0.001" asserts="0" />
                    </results>
                  </test-suite>
                  <test-suite type="TestFixture" name="ThreadPropertiesExtenderTestor" executed="True" result="Success" success="True" time="0.028" asserts="0">
                    <categories>
                      <category name="Infra" />
                      <category name="Unitary" />
                    </categories>
                    <results>
                      <test-case name="MusicCollectionTest.Infra.ThreadPropertiesExtenderTestor.FromCurrentThread_Test" executed="True" result="Success" success="True" time="0.003" asserts="0" />
                    </results>
                  </test-suite>
                  <test-suite type="TestFixture" name="WaitHandleExtenderTest" executed="True" result="Success" success="True" time="2.031" asserts="0">
                    <categories>
                      <category name="Unitary" />
                      <category name="Infra" />
                    </categories>
                    <results>
                      <test-case name="MusicCollectionTest.Infra.WaitHandleExtenderTest.Test_Cancelled_TimeOut" executed="True" result="Success" success="True" time="0.002" asserts="0" />
                      <test-case name="MusicCollectionTest.Infra.WaitHandleExtenderTest.Test_OK_No_TimeOut" executed="True" result="Success" success="True" time="2.002" asserts="0" />
                    </results>
                  </test-suite>
                </results>
              </test-suite>
              <test-suite type="SetUpFixture" name="Integrated" executed="True" result="Failure" success="False" time="3119.270" asserts="0">
                <results>
                  <test-suite type="TestFixture" name="AlbumModifierTest" executed="True" result="Failure" success="False" time="1172.935" asserts="0">
                    <categories>
                      <category name="Integrated" />
                    </categories>
                    <results>
                      <test-case name="MusicCollectionTest.Integrated.AlbumModifierTest.SingleUpdate" executed="True" result="Failure" success="False" time="33.145" asserts="11">
                        <failure>
                          <message><![CDATA[  Expected: 25
  But was:  0
]]></message>
                          <stack-trace><![CDATA[em MusicCollectionTest.Integrated.AlbumModifierTest.TesterBasic(Int32 IndexCompare, Action`1 F) na c:\Users\David\Documents\Visual Studio 2010\Projects\MusicCollection\MusicCollectionTest\Integrated\AlbumModifierTest.cs:linha 114
em MusicCollectionTest.Integrated.AlbumModifierTest.TesterSingle(Int32 IndexCompare, Func`2 Tracker, Action`2 Initializer) na c:\Users\David\Documents\Visual Studio 2010\Projects\MusicCollection\MusicCollectionTest\Integrated\AlbumModifierTest.cs:linha 79
em MusicCollectionTest.Integrated.AlbumModifierTest.SingleUpdate() na c:\Users\David\Documents\Visual Studio 2010\Projects\MusicCollection\MusicCollectionTest\Integrated\AlbumModifierTest.cs:linha 429
]]></stack-trace>
                        </failure>
                      </test-case>
                      <test-case name="MusicCollectionTest.Integrated.AlbumModifierTest.SingleUpdate1" executed="True" result="Success" success="True" time="72.481" asserts="2002" />
                      <test-case name="MusicCollectionTest.Integrated.AlbumModifierTest.SingleUpdate2" executed="True" result="Success" success="True" time="66.419" asserts="2002" />
                      <test-case name="MusicCollectionTest.Integrated.AlbumModifierTest.SingleUpdate3" executed="True" result="Success" success="True" time="71.575" asserts="2002" />
                      <test-case name="MusicCollectionTest.Integrated.AlbumModifierTest.Test" executed="True" result="Success" success="True" time="72.039" asserts="2999" />
                      <test-case name="MusicCollectionTest.Integrated.AlbumModifierTest.Test0" executed="True" result="Success" success="True" time="67.835" asserts="1803" />
                      <test-case name="MusicCollectionTest.Integrated.AlbumModifierTest.Test10" executed="True" result="Success" success="True" time="66.251" asserts="1803" />
                      <test-case name="MusicCollectionTest.Integrated.AlbumModifierTest.Test2" executed="True" result="Success" success="True" time="67.307" asserts="802" />
                      <test-case name="MusicCollectionTest.Integrated.AlbumModifierTest.Test3" executed="True" result="Success" success="True" time="70.918" asserts="1802" />
                      <test-case name="MusicCollectionTest.Integrated.AlbumModifierTest.Test4" executed="True" result="Success" success="True" time="85.353" asserts="2002" />
                      <test-case name="MusicCollectionTest.Integrated.AlbumModifierTest.Test5" executed="True" result="Success" success="True" time="73.202" asserts="2002" />
                      <test-case name="MusicCollectionTest.Integrated.AlbumModifierTest.Test6" executed="True" result="Success" success="True" time="72.306" asserts="1802" />
                      <test-case name="MusicCollectionTest.Integrated.AlbumModifierTest.Test7" executed="True" result="Success" success="True" time="73.625" asserts="2002" />
                      <test-case name="MusicCollectionTest.Integrated.AlbumModifierTest.Test8" executed="True" result="Success" success="True" time="68.945" asserts="2002" />
                      <test-case name="MusicCollectionTest.Integrated.AlbumModifierTest.Testa" executed="True" result="Success" success="True" time="71.342" asserts="1802" />
                      <test-case name="MusicCollectionTest.Integrated.AlbumModifierTest.Testa0" executed="True" result="Success" success="True" time="70.037" asserts="2002" />
                      <test-case name="MusicCollectionTest.Integrated.AlbumModifierTest.Testa00" executed="True" result="Success" success="True" time="70.065" asserts="1802" />
                    </results>
                  </test-suite>
                  <test-suite type="TestFixture" name="ArtitsCleanerTestor" executed="True" result="Success" success="True" time="42.529" asserts="0">
                    <categories>
                      <category name="Integrated" />
                    </categories>
                    <results>
                      <test-case name="MusicCollectionTest.Integrated.ArtitsCleanerTestor.Test" executed="True" result="Success" success="True" time="42.528" asserts="168" />
                    </results>
                  </test-suite>
                  <test-suite type="TestFixture" name="BasicSessionTest" executed="True" result="Success" success="True" time="144.578" asserts="0">
                    <categories>
                      <category name="Integrated" />
                    </categories>
                    <results>
                      <test-case name="MusicCollectionTest.Integrated.BasicSessionTest.Test" executed="True" result="Success" success="True" time="144.531" asserts="1963" />
                    </results>
                  </test-suite>
                  <test-suite type="TestFixture" name="BasicTest" executed="True" result="Success" success="True" time="92.557" asserts="0">
                    <categories>
                      <category name="Integrated" />
                    </categories>
                    <results>
                      <test-case name="MusicCollectionTest.Integrated.BasicTest.Test" executed="True" result="Success" success="True" time="92.556" asserts="482" />
                    </results>
                  </test-suite>
                  <test-suite type="TestFixture" name="FileStatus" executed="True" result="Success" success="True" time="41.135" asserts="10">
                    <categories>
                      <category name="Integrated" />
                    </categories>
                    <results>
                      <test-case name="MusicCollectionTest.Integrated.FileStatus.Test" executed="True" result="Success" success="True" time="39.831" asserts="152" />
                    </results>
                  </test-suite>
                  <test-suite type="TestFixture" name="ItemFinderForMusicObject" executed="True" result="Success" success="True" time="66.118" asserts="4">
                    <categories>
                      <category name="Integrated" />
                    </categories>
                    <results>
                      <test-case name="MusicCollectionTest.Integrated.ItemFinderForMusicObject.TesterForackComparableImplementation" executed="True" result="Success" success="True" time="0.014" asserts="0" />
                      <test-case name="MusicCollectionTest.Integrated.ItemFinderForMusicObject.TesterForOrdered" executed="True" result="Success" success="True" time="27.943" asserts="0" />
                      <test-case name="MusicCollectionTest.Integrated.ItemFinderForMusicObject.TesterForSimiliraty" executed="True" result="Success" success="True" time="10.436" asserts="0" />
                    </results>
                  </test-suite>
                  <test-suite type="TestFixture" name="Itunes" executed="True" result="Success" success="True" time="32.477" asserts="0">
                    <categories>
                      <category name="Integrated" />
                    </categories>
                    <results>
                      <test-case name="MusicCollectionTest.Integrated.Itunes.Test" executed="True" result="Success" success="True" time="16.326" asserts="215" />
                      <test-case name="MusicCollectionTest.Integrated.Itunes.Test2" executed="True" result="Success" success="True" time="16.146" asserts="156" />
                    </results>
                  </test-suite>
                  <test-suite type="TestFixture" name="New_Integrated_Perf_AlbumCompare" executed="True" result="Success" success="True" time="42.729" asserts="0">
                    <categories>
                      <category name="Integrated" />
                    </categories>
                    <results>
                      <test-case name="MusicCollectionTest.Integrated.New_Integrated_Perf_AlbumCompare.TestPef" executed="True" result="Success" success="True" time="42.274" asserts="0" />
                    </results>
                  </test-suite>
                  <test-suite type="TestFixture" name="OrphanCleanerTestor" executed="True" result="Success" success="True" time="135.380" asserts="0">
                    <categories>
                      <category name="Integrated" />
                    </categories>
                    <results>
                      <test-case name="MusicCollectionTest.Integrated.OrphanCleanerTestor.Test" executed="True" result="Success" success="True" time="135.331" asserts="715" />
                    </results>
                  </test-suite>
                  <test-suite type="TestFixture" name="Perf_ListenedCollection" executed="True" result="Failure" success="False" time="178.493" asserts="6">
                    <categories>
                      <category name="Integrated" />
                    </categories>
                    <results>
                      <test-case name="MusicCollectionTest.Integrated.Perf_ListenedCollection.FunctionalFilterAlbum" executed="True" result="Success" success="True" time="0.130" asserts="1" />
                      <test-case name="MusicCollectionTest.Integrated.Perf_ListenedCollection.TestBuildingSession" executed="True" result="Success" success="True" time="0.093" asserts="1" />
                      <test-case name="MusicCollectionTest.Integrated.Perf_ListenedCollection.TestFilterAlbum" executed="True" result="Failure" success="False" time="2.945" asserts="10">
                        <failure>
                          <message><![CDATA[  Expected: less than 00:00:00.1800000
  But was:  00:00:00.2445944
]]></message>
                          <stack-trace><![CDATA[em MusicCollectionTest.Integrated.Perf_ListenedCollection.TestPerfo(String name, Action`1 Tobeevaluated, IMusicSession ms, Int32 nboftime, TimeSpan MinimunMaxValue, Action`1 Clean) na c:\Users\David\Documents\Visual Studio 2010\Projects\MusicCollection\MusicCollectionTest\Integrated\Perf_ListenedCollection.cs:linha 173
em MusicCollectionTest.Integrated.Perf_ListenedCollection.TestFilterAlbum() na c:\Users\David\Documents\Visual Studio 2010\Projects\MusicCollection\MusicCollectionTest\Integrated\Perf_ListenedCollection.cs:linha 713
]]></stack-trace>
                        </failure>
                      </test-case>
                      <test-case name="MusicCollectionTest.Integrated.Perf_ListenedCollection.TestFilterRawForReference" executed="True" result="Failure" success="False" time="2.754" asserts="55">
                        <failure>
                          <message><![CDATA[  Expected: less than 00:00:00.1800000
  But was:  00:00:00.2746910
]]></message>
                          <stack-trace><![CDATA[em MusicCollectionTest.Integrated.Perf_ListenedCollection.TestPerfo(String name, Action`1 Tobeevaluated, IMusicSession ms, Int32 nboftime, TimeSpan MinimunMaxValue, Action`1 Clean) na c:\Users\David\Documents\Visual Studio 2010\Projects\MusicCollection\MusicCollectionTest\Integrated\Perf_ListenedCollection.cs:linha 173
em MusicCollectionTest.Integrated.Perf_ListenedCollection.TestFilterRawForReference() na c:\Users\David\Documents\Visual Studio 2010\Projects\MusicCollection\MusicCollectionTest\Integrated\Perf_ListenedCollection.cs:linha 743
]]></stack-trace>
                        </failure>
                      </test-case>
                      <test-case name="MusicCollectionTest.Integrated.Perf_ListenedCollection.TestFilterRawTrackForReference" executed="True" result="Success" success="True" time="6.424" asserts="55" />
                      <test-case name="MusicCollectionTest.Integrated.Perf_ListenedCollection.TestFilterTrack" executed="True" result="Success" success="True" time="3.110" asserts="10" />
                      <test-case name="MusicCollectionTest.Integrated.Perf_ListenedCollection.TestFilterTrackFinder" executed="True" result="Success" success="True" time="8.690" asserts="1" />
                      <test-case name="MusicCollectionTest.Integrated.Perf_ListenedCollection.TestFilterTrackFinderGeneric" executed="True" result="Success" success="True" time="9.646" asserts="1" />
                      <test-case name="MusicCollectionTest.Integrated.Perf_ListenedCollection.TestFinderFunctionality" executed="True" result="Success" success="True" time="0.924" asserts="12" />
                      <test-case name="MusicCollectionTest.Integrated.Perf_ListenedCollection.TestLiveSelectMany" executed="True" result="Success" success="True" time="14.542" asserts="1" />
                      <test-case name="MusicCollectionTest.Integrated.Perf_ListenedCollection.TestOpenTime" executed="True" result="Success" success="True" time="0.000" asserts="1" />
                      <test-case name="MusicCollectionTest.Integrated.Perf_ListenedCollection.TestPerFilterTrackWithinvertedDictionary" executed="True" result="Failure" success="False" time="57.296" asserts="1">
                        <failure>
                          <message><![CDATA[  Expected: less than 00:00:03.5000000
  But was:  00:00:03.5662343
]]></message>
                          <stack-trace><![CDATA[em MusicCollectionTest.Integrated.Perf_ListenedCollection.TestPerfo(String name, Action`1 Tobeevaluated, IMusicSession ms, Int32 nboftime, TimeSpan MinimunMaxValue, Action`1 Clean) na c:\Users\David\Documents\Visual Studio 2010\Projects\MusicCollection\MusicCollectionTest\Integrated\Perf_ListenedCollection.cs:linha 173
em MusicCollectionTest.Integrated.Perf_ListenedCollection.TestPerFilterTrackWithinvertedDictionary() na c:\Users\David\Documents\Visual Studio 2010\Projects\MusicCollection\MusicCollectionTest\Integrated\Perf_ListenedCollection.cs:linha 699
]]></stack-trace>
                        </failure>
                      </test-case>
                      <test-case name="MusicCollectionTest.Integrated.Perf_ListenedCollection.TestPerFilterTrackWithStandardinvertedDictionary" executed="True" result="Failure" success="False" time="42.244" asserts="1">
                        <failure>
                          <message><![CDATA[  Expected: less than 00:00:01.5000000
  But was:  00:00:01.7308831
]]></message>
                          <stack-trace><![CDATA[em MusicCollectionTest.Integrated.Perf_ListenedCollection.TestPerfo(String name, Action`1 Tobeevaluated, IMusicSession ms, Int32 nboftime, TimeSpan MinimunMaxValue, Action`1 Clean) na c:\Users\David\Documents\Visual Studio 2010\Projects\MusicCollection\MusicCollectionTest\Integrated\Perf_ListenedCollection.cs:linha 173
em MusicCollectionTest.Integrated.Perf_ListenedCollection.TestPerFilterTrackWithStandardinvertedDictionary() na c:\Users\David\Documents\Visual Studio 2010\Projects\MusicCollection\MusicCollectionTest\Integrated\Perf_ListenedCollection.cs:linha 707
]]></stack-trace>
                        </failure>
                      </test-case>
                    </results>
                  </test-suite>
                  <test-suite type="Namespace" name="Performance" executed="True" result="Success" success="True" time="774.953" asserts="0">
                    <results>
                      <test-suite type="TestFixture" name="OrderingSimilitaryPerformanceTest" executed="True" result="Success" success="True" time="774.953" asserts="0">
                        <categories>
                          <category name="Integrated" />
                        </categories>
                        <results>
                          <test-case name="MusicCollectionTest.Integrated.Performance.OrderingSimilitaryPerformanceTest.PerfomanceComputeSimpleNewTrackViewer" executed="True" result="Success" success="True" time="73.425" asserts="0" />
                          <test-case name="MusicCollectionTest.Integrated.Performance.OrderingSimilitaryPerformanceTest.PerfomanceComputeSimpleNewTrackViewer_Complete" executed="True" result="Success" success="True" time="73.052" asserts="0" />
                          <test-case name="MusicCollectionTest.Integrated.Performance.OrderingSimilitaryPerformanceTest.PerfomanceComputeTrackView" executed="True" result="Success" success="True" time="29.397" asserts="0" />
                          <test-case name="MusicCollectionTest.Integrated.Performance.OrderingSimilitaryPerformanceTest.PerfomanceComputeTrackView_Complete" executed="True" result="Success" success="True" time="36.938" asserts="0" />
                          <test-case name="MusicCollectionTest.Integrated.Performance.OrderingSimilitaryPerformanceTest.Test_functional_AfinityAlbumComparer" executed="True" result="Success" success="True" time="25.010" asserts="0" />
                          <test-case name="MusicCollectionTest.Integrated.Performance.OrderingSimilitaryPerformanceTest.Test_Genre_Should_beCoherent" executed="True" result="Success" success="True" time="23.701" asserts="0" />
                          <test-case name="MusicCollectionTest.Integrated.Performance.OrderingSimilitaryPerformanceTest.TestPef_OrderTotalAlbum_OrderBy" executed="True" result="Success" success="True" time="36.342" asserts="0" />
                          <test-case name="MusicCollectionTest.Integrated.Performance.OrderingSimilitaryPerformanceTest.TestPef_OrderTotalAlbum_OrderTotalFast" executed="True" result="Success" success="True" time="25.854" asserts="0" />
                          <test-case name="MusicCollectionTest.Integrated.Performance.OrderingSimilitaryPerformanceTest.TestPef_OrderTotalAlbum_OrderTotalFastParellel" executed="True" result="Success" success="True" time="27.211" asserts="0" />
                          <test-case name="MusicCollectionTest.Integrated.Performance.OrderingSimilitaryPerformanceTest.TestPef_OrderTotalTrack_OrderBy" executed="True" result="Success" success="True" time="39.147" asserts="0" />
                          <test-case name="MusicCollectionTest.Integrated.Performance.OrderingSimilitaryPerformanceTest.TestPef_OrderTotalTrack_SortFirst" executed="True" result="Success" success="True" time="26.245" asserts="0" />
                          <test-case name="MusicCollectionTest.Integrated.Performance.OrderingSimilitaryPerformanceTest.TestPef_OrderTotalTrack_SortFirstParallel" executed="True" result="Success" success="True" time="25.179" asserts="0" />
                          <test-case name="MusicCollectionTest.Integrated.Performance.OrderingSimilitaryPerformanceTest.TestSimpleNewTrackViewer" executed="True" result="Success" success="True" time="299.283" asserts="0" />
                          <test-case name="MusicCollectionTest.Integrated.Performance.OrderingSimilitaryPerformanceTest.ViewModel_ExtensionTest_Genre_Should_beCoherent" executed="True" result="Success" success="True" time="33.410" asserts="0" />
                        </results>
                      </test-suite>
                    </results>
                  </test-suite>
                  <test-suite type="TestFixture" name="Phone8Exporter" executed="False" result="Ignored">
                    <categories>
                      <category name="Integrated" />
                    </categories>
                    <reason>
                      <message><![CDATA[Ignore as need windows phone connected]]></message>
                    </reason>
                    <results>
                      <test-case name="MusicCollectionTest.Integrated.Phone8Exporter.Test" executed="False" result="Ignored">
                        <reason>
                          <message><![CDATA[Ignore as need windows phone connected]]></message>
                        </reason>
                      </test-case>
                    </results>
                  </test-suite>
                  <test-suite type="TestFixture" name="ReNameTestor" executed="True" result="Success" success="True" time="34.937" asserts="4">
                    <categories>
                      <category name="Integrated" />
                    </categories>
                    <results>
                      <test-case name="MusicCollectionTest.Integrated.ReNameTestor.Test" executed="True" result="Success" success="True" time="34.422" asserts="65" />
                    </results>
                  </test-suite>
                  <test-suite type="TestFixture" name="ReNameTestor2" executed="True" result="Success" success="True" time="34.180" asserts="4">
                    <categories>
                      <category name="Integrated" />
                    </categories>
                    <results>
                      <test-case name="MusicCollectionTest.Integrated.ReNameTestor2.Test" executed="True" result="Success" success="True" time="33.643" asserts="65" />
                    </results>
                  </test-suite>
                  <test-suite type="TestFixture" name="ReNameTestor3" executed="True" result="Success" success="True" time="34.672" asserts="6">
                    <categories>
                      <category name="Integrated" />
                    </categories>
                    <results>
                      <test-case name="MusicCollectionTest.Integrated.ReNameTestor3.Test" executed="True" result="Success" success="True" time="34.188" asserts="123" />
                    </results>
                  </test-suite>
                  <test-suite type="TestFixture" name="ReNameTrackTestor" executed="True" result="Success" success="True" time="68.817" asserts="5">
                    <categories>
                      <category name="Integrated" />
                    </categories>
                    <results>
                      <test-case name="MusicCollectionTest.Integrated.ReNameTrackTestor.Test" executed="True" result="Success" success="True" time="33.829" asserts="45" />
                      <test-case name="MusicCollectionTest.Integrated.ReNameTrackTestor.Test_Remove" executed="True" result="Success" success="True" time="33.929" asserts="36" />
                    </results>
                  </test-suite>
                  <test-suite type="TestFixture" name="RollBackOnImportError" executed="True" result="Success" success="True" time="17.511" asserts="4">
                    <categories>
                      <category name="Integrated" />
                    </categories>
                    <results>
                      <test-case name="MusicCollectionTest.Integrated.RollBackOnImportError.TestRollBack" executed="True" result="Success" success="True" time="11.581" asserts="461" />
                    </results>
                  </test-suite>
                  <test-suite type="TestFixture" name="SessionClosingTest" executed="True" result="Success" success="True" time="34.221" asserts="0">
                    <categories>
                      <category name="Integrated" />
                    </categories>
                    <results>
                      <test-case name="MusicCollectionTest.Integrated.SessionClosingTest.Test" executed="True" result="Success" success="True" time="16.651" asserts="0" />
                      <test-case name="MusicCollectionTest.Integrated.SessionClosingTest.Test2" executed="True" result="Success" success="True" time="17.566" asserts="0" />
                    </results>
                  </test-suite>
                  <test-suite type="TestFixture" name="SQLiteClean" executed="True" result="Failure" success="False" time="45.269" asserts="0">
                    <categories>
                      <category name="Integrated" />
                    </categories>
                    <results>
                      <test-case name="MusicCollectionTest.Integrated.SQLiteClean.Test" executed="True" result="Failure" success="False" time="45.267" asserts="7">
                        <failure>
                          <message><![CDATA[  Expected: less than 00:00:20
  But was:  00:00:24.8603379
]]></message>
                          <stack-trace><![CDATA[em MusicCollectionTest.Integrated.SQLiteClean.Test() na c:\Users\David\Documents\Visual Studio 2010\Projects\MusicCollection\MusicCollectionTest\Integrated\SQLiteClean.cs:linha 89
]]></stack-trace>
                        </failure>
                      </test-case>
                    </results>
                  </test-suite>
                  <test-suite type="TestFixture" name="UnrarTest" executed="True" result="Failure" success="False" time="94.911" asserts="0">
                    <categories>
                      <category name="Integrated" />
                    </categories>
                    <results>
                      <test-case name="MusicCollectionTest.Integrated.UnrarTest.Test" executed="True" result="Error" success="False" time="94.910" asserts="17">
                        <failure>
                          <message><![CDATA[System.NullReferenceException : Referência de objeto não definida para uma instância de um objeto.]]></message>
                          <stack-trace><![CDATA[em MusicCollection.Implementation.MusicSessionImpl.Dispose() na c:\Users\David\Documents\Visual Studio 2010\Projects\MusicCollection\MusicCollection\Implementation\MusicSessionImpl.cs:linha 161
em MusicCollectionTest.Integrated.UnrarTest.Test() na c:\Users\David\Documents\Visual Studio 2010\Projects\MusicCollection\MusicCollectionTest\Integrated\UnrarTest.cs:linha 104
]]></stack-trace>
                        </failure>
                      </test-case>
                    </results>
                  </test-suite>
                  <test-suite type="Namespace" name="WPFView" executed="True" result="Success" success="True" time="28.114" asserts="0">
                    <results>
                      <test-suite type="TestFixture" name="FilterViewTestor" executed="True" result="Success" success="True" time="28.113" asserts="0">
                        <categories>
                          <category name="Integrated" />
                        </categories>
                        <results>
                          <test-case name="MusicCollectionTest.Integrated.WPFView.FilterViewTestor.Test" executed="True" result="Success" success="True" time="28.038" asserts="312" />
                        </results>
                      </test-suite>
                    </results>
                  </test-suite>
                </results>
              </test-suite>
              <test-suite type="Namespace" name="MusicBrainzTest" executed="True" result="Success" success="True" time="66.876" asserts="0">
                <results>
                  <test-suite type="TestFixture" name="MusicBrainz2Test" executed="True" result="Success" success="True" time="18.227" asserts="0">
                    <categories>
                      <category name="Unitary" />
                      <category name="MusicBrainz" />
                    </categories>
                    <results>
                      <test-case name="MusicCollectionTest.MusicBrainzTest.MusicBrainz2Test.BasicTest_MusicBrainzJsonInterpretor_FromCoverartarchiveResult" executed="True" result="Success" success="True" time="11.599" asserts="0" />
                      <test-case name="MusicCollectionTest.MusicBrainzTest.MusicBrainz2Test.BasicTest_MusicBrainzJsonInterpretor_FromCoverartarchiveResult_Failed" executed="True" result="Success" success="True" time="0.499" asserts="0" />
                      <test-case name="MusicCollectionTest.MusicBrainzTest.MusicBrainz2Test.BasicTest_MusicBrainzJsonInterpretor_FromMusicBrainzReleaseResult" executed="True" result="Success" success="True" time="0.462" asserts="0" />
                      <test-case name="MusicCollectionTest.MusicBrainzTest.MusicBrainz2Test.BasicTest_MusicBrainzJsonInterpretor_FromMusicBrainzReleasesResult" executed="True" result="Success" success="True" time="4.757" asserts="0" />
                      <test-case name="MusicCollectionTest.MusicBrainzTest.MusicBrainz2Test.FailTest" executed="True" result="Success" success="True" time="0.084" asserts="0" />
                      <test-case name="MusicCollectionTest.MusicBrainzTest.MusicBrainz2Test.hhtpbuilder" executed="True" result="Success" success="True" time="0.001" asserts="0" />
                      <test-case name="MusicCollectionTest.MusicBrainzTest.MusicBrainz2Test.hhtpbuilder_2" executed="True" result="Success" success="True" time="0.001" asserts="0" />
                      <test-case name="MusicCollectionTest.MusicBrainzTest.MusicBrainz2Test.hhtpbuilder_3" executed="True" result="Success" success="True" time="0.001" asserts="0" />
                      <test-case name="MusicCollectionTest.MusicBrainzTest.MusicBrainz2Test.hhtpbuilder_4" executed="True" result="Success" success="True" time="0.001" asserts="0" />
                    </results>
                  </test-suite>
                  <test-suite type="TestFixture" name="MuzicBrainz2FinderTest" executed="True" result="Success" success="True" time="48.641" asserts="0">
                    <categories>
                      <category name="MusicBrainz" />
                      <category name="Integrated" />
                    </categories>
                    <results>
                      <test-case name="MusicCollectionTest.MusicBrainzTest.MuzicBrainz2FinderTest.Failed_Test_CDIsNull" executed="True" result="Success" success="True" time="0.267" asserts="0" />
                      <test-case name="MusicCollectionTest.MusicBrainzTest.MuzicBrainz2FinderTest.Failed_Test_CDNotReady" executed="True" result="Success" success="True" time="0.165" asserts="0" />
                      <test-case name="MusicCollectionTest.MusicBrainzTest.MuzicBrainz2FinderTest.Failed_Test_IWebQuery_null" executed="True" result="Success" success="True" time="0.001" asserts="0" />
                      <test-case name="MusicCollectionTest.MusicBrainzTest.MuzicBrainz2FinderTest.Failed_Test_Null" executed="True" result="Success" success="True" time="0.001" asserts="0" />
                      <test-case name="MusicCollectionTest.MusicBrainzTest.MuzicBrainz2FinderTest.Failed_Test_WebQueryIncoherent" executed="True" result="Success" success="True" time="0.042" asserts="0" />
                      <test-case name="MusicCollectionTest.MusicBrainzTest.MuzicBrainz2FinderTest.Test" executed="True" result="Success" success="True" time="1.176" asserts="0" />
                      <test-case name="MusicCollectionTest.MusicBrainzTest.MuzicBrainz2FinderTest.Test_2" executed="True" result="Success" success="True" time="46.477" asserts="0" />
                      <test-case name="MusicCollectionTest.MusicBrainzTest.MuzicBrainz2FinderTest.Test_3" executed="True" result="Success" success="True" time="0.476" asserts="0" />
                    </results>
                  </test-suite>
                </results>
              </test-suite>
              <test-suite type="Namespace" name="MusicPlayerTest" executed="True" result="Success" success="True" time="2.430" asserts="0">
                <results>
                  <test-suite type="TestFixture" name="MusicPlayerTestor" executed="True" result="Success" success="True" time="2.430" asserts="0">
                    <categories>
                      <category name="Unitary" />
                      <category name="MusicPlayer" />
                    </categories>
                    <results>
                      <test-case name="MusicCollectionTest.MusicPlayerTest.MusicPlayerTestor.MusicPlayer_Basic" executed="True" result="Success" success="True" time="1.091" asserts="0" />
                      <test-case name="MusicCollectionTest.MusicPlayerTest.MusicPlayerTestor.MusicPlayer_Event_BeginPlay" executed="True" result="Success" success="True" time="0.171" asserts="0" />
                      <test-case name="MusicCollectionTest.MusicPlayerTest.MusicPlayerTestor.MusicPlayer_Event_Broken" executed="True" result="Success" success="True" time="0.003" asserts="0" />
                      <test-case name="MusicCollectionTest.MusicPlayerTest.MusicPlayerTestor.MusicPlayer_Event_Playing" executed="True" result="Success" success="True" time="0.003" asserts="0" />
                      <test-case name="MusicCollectionTest.MusicPlayerTest.MusicPlayerTestor.MusicPlayer_Event_Skipped" executed="True" result="Success" success="True" time="0.117" asserts="0" />
                      <test-case name="MusicCollectionTest.MusicPlayerTest.MusicPlayerTestor.MusicPlayer_Event_Skipped_Less_Than2sec" executed="True" result="Success" success="True" time="0.002" asserts="0" />
                      <test-case name="MusicCollectionTest.MusicPlayerTest.MusicPlayerTestor.MusicPlayer_Event_Track_End" executed="True" result="Success" success="True" time="0.007" asserts="0" />
                      <test-case name="MusicCollectionTest.MusicPlayerTest.MusicPlayerTestor.MusicPlayer_Event_Track_End_PLaylistContinue" executed="True" result="Success" success="True" time="0.003" asserts="0" />
                      <test-case name="MusicCollectionTest.MusicPlayerTest.MusicPlayerTestor.MusicPlayer_IInternalTrack_Listener_FileNotAvailable" executed="True" result="Success" success="True" time="0.038" asserts="0" />
                      <test-case name="MusicCollectionTest.MusicPlayerTest.MusicPlayerTestor.MusicPlayer_IInternalTrack_Listener_UnderEdit_Paused" executed="True" result="Success" success="True" time="0.003" asserts="0" />
                      <test-case name="MusicCollectionTest.MusicPlayerTest.MusicPlayerTestor.MusicPlayer_IInternalTrack_Listener_UnderEdit_Paused_ThenReleased" executed="True" result="Success" success="True" time="0.008" asserts="0" />
                      <test-case name="MusicCollectionTest.MusicPlayerTest.MusicPlayerTestor.MusicPlayer_IInternalTrack_Listener_UnderEdit_Playing" executed="True" result="Success" success="True" time="0.003" asserts="0" />
                      <test-case name="MusicCollectionTest.MusicPlayerTest.MusicPlayerTestor.MusicPlayer_IInternalTrack_Listener_UnderEdit_Playing_Then_Playing" executed="True" result="Success" success="True" time="0.004" asserts="0" />
                      <test-case name="MusicCollectionTest.MusicPlayerTest.MusicPlayerTestor.MusicPlayer_IInternalTrack_Listener_UnderEdit_Playing_ThenStop" executed="True" result="Success" success="True" time="0.004" asserts="0" />
                      <test-case name="MusicCollectionTest.MusicPlayerTest.MusicPlayerTestor.MusicPlayer_IInternalTrack_Listener_UnderEdit_Stopped" executed="True" result="Success" success="True" time="0.002" asserts="0" />
                      <test-case name="MusicCollectionTest.MusicPlayerTest.MusicPlayerTestor.MusicPlayer_Play_Do_NotPlay_Broken" executed="True" result="Success" success="True" time="0.004" asserts="0" />
                      <test-case name="MusicCollectionTest.MusicPlayerTest.MusicPlayerTestor.MusicPlayer_Play_Do_NotPlay_UnderEdit" executed="True" result="Success" success="True" time="0.004" asserts="0" />
                      <test-case name="MusicCollectionTest.MusicPlayerTest.MusicPlayerTestor.MusicPlayer_Play_List_Current_Null_Init_OnPLay" executed="True" result="Success" success="True" time="0.003" asserts="0" />
                      <test-case name="MusicCollectionTest.MusicPlayerTest.MusicPlayerTestor.MusicPlayer_Play_Play_Current" executed="True" result="Success" success="True" time="0.004" asserts="0" />
                      <test-case name="MusicCollectionTest.MusicPlayerTest.MusicPlayerTestor.MusicPlayer_Play_Play_Do_No_Change" executed="True" result="Success" success="True" time="0.004" asserts="0" />
                      <test-case name="MusicCollectionTest.MusicPlayerTest.MusicPlayerTestor.MusicPlayer_Play_Track_Null" executed="True" result="Success" success="True" time="0.001" asserts="0" />
                      <test-case name="MusicCollectionTest.MusicPlayerTest.MusicPlayerTestor.MusicPlayer_PlayListEvent_Change_For_Broken" executed="True" result="Success" success="True" time="0.001" asserts="0" />
                      <test-case name="MusicCollectionTest.MusicPlayerTest.MusicPlayerTestor.MusicPlayer_PlayListEvent_Change_For_Null" executed="True" result="Success" success="True" time="0.002" asserts="0" />
                      <test-case name="MusicCollectionTest.MusicPlayerTest.MusicPlayerTestor.MusicPlayer_Position_Change" executed="True" result="Success" success="True" time="0.058" asserts="0" />
                      <test-case name="MusicCollectionTest.MusicPlayerTest.MusicPlayerTestor.MusicPlayer_Set_PlayList_Change_Track" executed="True" result="Success" success="True" time="0.003" asserts="0" />
                      <test-case name="MusicCollectionTest.MusicPlayerTest.MusicPlayerTestor.MusicPlayer_Set_PlayList_CurrentTrack_NotNull" executed="True" result="Success" success="True" time="0.003" asserts="0" />
                      <test-case name="MusicCollectionTest.MusicPlayerTest.MusicPlayerTestor.MusicPlayer_Set_PlayList_CurrentTrack_NotNull_ChangePlayList" executed="True" result="Success" success="True" time="0.004" asserts="0" />
                      <test-case name="MusicCollectionTest.MusicPlayerTest.MusicPlayerTestor.MusicPlayer_Set_PlayList_CurrentTrack_Null" executed="True" result="Success" success="True" time="0.003" asserts="0" />
                      <test-case name="MusicCollectionTest.MusicPlayerTest.MusicPlayerTestor.MusicPlayer_Set_PlayList_Twice" executed="True" result="Success" success="True" time="0.002" asserts="0" />
                      <test-case name="MusicCollectionTest.MusicPlayerTest.MusicPlayerTestor.MusicPlayer_Volume_Change" executed="True" result="Success" success="True" time="0.003" asserts="0" />
                      <test-case name="MusicCollectionTest.MusicPlayerTest.MusicPlayerTestor.Test" executed="True" result="Success" success="True" time="0.543" asserts="0" />
                    </results>
                  </test-suite>
                </results>
              </test-suite>
              <test-suite type="Namespace" name="MusicPlayerTestor" executed="True" result="Success" success="True" time="2.918" asserts="0">
                <results>
                  <test-suite type="TestFixture" name="InternalPlayerAdapterTestor" executed="True" result="Success" success="True" time="2.917" asserts="0">
                    <categories>
                      <category name="MusicPlayer" />
                      <category name="Unitary" />
                    </categories>
                    <results>
                      <test-case name="MusicCollectionTest.MusicPlayerTestor.InternalPlayerAdapterTestor.InternalPlayerAdapter_Close" executed="True" result="Success" success="True" time="1.312" asserts="0" />
                      <test-case name="MusicCollectionTest.MusicPlayerTestor.InternalPlayerAdapterTestor.InternalPlayerAdapter_Pause" executed="True" result="Success" success="True" time="0.385" asserts="0" />
                      <test-case name="MusicCollectionTest.MusicPlayerTestor.InternalPlayerAdapterTestor.InternalPlayerAdapter_Play" executed="True" result="Success" success="True" time="0.407" asserts="0" />
                      <test-case name="MusicCollectionTest.MusicPlayerTestor.InternalPlayerAdapterTestor.InternalPlayerAdapter_Play_ThenPause" executed="True" result="Success" success="True" time="0.781" asserts="0" />
                      <test-case name="MusicCollectionTest.MusicPlayerTestor.InternalPlayerAdapterTestor.InternalPlayerAdapter_Stop" executed="True" result="Success" success="True" time="0.016" asserts="0" />
                    </results>
                  </test-suite>
                </results>
              </test-suite>
              <test-suite type="Namespace" name="MusicSetting" executed="True" result="Success" success="True" time="2.923" asserts="0">
                <results>
                  <test-suite type="TestFixture" name="UIGridManagementTestor" executed="True" result="Success" success="True" time="2.922" asserts="0">
                    <categories>
                      <category name="SettingsManagement" />
                      <category name="Unitary" />
                    </categories>
                    <results>
                      <test-case name="MusicCollectionTest.MusicSetting.UIGridManagementTestor.Test" executed="True" result="Success" success="True" time="2.921" asserts="7" />
                    </results>
                  </test-suite>
                </results>
              </test-suite>
              <test-suite type="Namespace" name="NHibernate" executed="True" result="Inconclusive" success="False" time="0.011" asserts="0">
                <results>
                  <test-suite type="TestFixture" name="GenericClasses" executed="True" result="Inconclusive" success="False" time="0.000" asserts="0">
                    <categories>
                      <category name="Unitary" />
                      <category name="Nhibernate" />
                    </categories>
                  </test-suite>
                </results>
              </test-suite>
              <test-suite type="Namespace" name="PlayList" executed="True" result="Success" success="True" time="0.303" asserts="0">
                <results>
                  <test-suite type="TestFixture" name="FullAlbumPlayListTestor" executed="True" result="Success" success="True" time="0.280" asserts="0">
                    <categories>
                      <category name="Unitary" />
                      <category name="PlayList" />
                    </categories>
                    <results>
                      <test-case name="MusicCollectionTest.PlayList.FullAlbumPlayListTestor.Test_Add_Album" executed="True" result="Success" success="True" time="0.216" asserts="0" />
                      <test-case name="MusicCollectionTest.PlayList.FullAlbumPlayListTestor.Test_Add_Album_NoBasic" executed="True" result="Success" success="True" time="0.006" asserts="0" />
                      <test-case name="MusicCollectionTest.PlayList.FullAlbumPlayListTestor.Test_Add_Album_Remove" executed="True" result="Success" success="True" time="0.005" asserts="0" />
                      <test-case name="MusicCollectionTest.PlayList.FullAlbumPlayListTestor.Test_Add_Album_Remove_2" executed="True" result="Success" success="True" time="0.005" asserts="0" />
                      <test-case name="MusicCollectionTest.PlayList.FullAlbumPlayListTestor.Test_Basic" executed="True" result="Success" success="True" time="0.005" asserts="0" />
                      <test-case name="MusicCollectionTest.PlayList.FullAlbumPlayListTestor.Test_Event" executed="True" result="Success" success="True" time="0.003" asserts="0" />
                      <test-case name="MusicCollectionTest.PlayList.FullAlbumPlayListTestor.Test_Event2" executed="True" result="Success" success="True" time="0.002" asserts="0" />
                      <test-case name="MusicCollectionTest.PlayList.FullAlbumPlayListTestor.Test_Set_TrackNotList" executed="True" result="Success" success="True" time="0.010" asserts="0" />
                    </results>
                  </test-suite>
                  <test-suite type="TestFixture" name="PlayListFactoryTestor" executed="True" result="Success" success="True" time="0.009" asserts="0">
                    <categories>
                      <category name="PlayList" />
                      <category name="Unitary" />
                    </categories>
                    <results>
                      <test-case name="MusicCollectionTest.PlayList.PlayListFactoryTestor.Test_Basic" executed="True" result="Success" success="True" time="0.008" asserts="0" />
                    </results>
                  </test-suite>
                </results>
              </test-suite>
              <test-suite type="Namespace" name="PyBindingTest" executed="True" result="Success" success="True" time="19.030" asserts="0">
                <results>
                  <test-suite type="TestFixture" name="BindingPathParserTest" executed="True" result="Success" success="True" time="0.414" asserts="0">
                    <categories>
                      <category name="Unitary" />
                      <category name="PyBinding" />
                    </categories>
                    <results>
                      <test-case name="MusicCollectionTest.PyBindingTest.BindingPathParserTest.BuildBinding_CurrentItem" executed="True" result="Success" success="True" time="0.239" asserts="12" />
                      <test-case name="MusicCollectionTest.PyBindingTest.BindingPathParserTest.BuildBinding_DataContextWithIndexedProperty_ReturnsCorrectBinding" executed="True" result="Success" success="True" time="0.087" asserts="4" />
                      <test-case name="MusicCollectionTest.PyBindingTest.BindingPathParserTest.BuildBinding_DataContextWithProperty_ReturnsCorrectBinding" executed="True" result="Success" success="True" time="0.001" asserts="4" />
                      <test-case name="MusicCollectionTest.PyBindingTest.BindingPathParserTest.BuildBinding_DataContextWithTwoLevelProperty_ReturnsCorrectBinding" executed="True" result="Success" success="True" time="0.001" asserts="4" />
                      <test-case name="MusicCollectionTest.PyBindingTest.BindingPathParserTest.BuildBinding_DirectToDataContext_ReturnsCorrectBinding" executed="True" result="Success" success="True" time="0.000" asserts="4" />
                      <test-case name="MusicCollectionTest.PyBindingTest.BindingPathParserTest.BuildBinding_ElementName_ReturnsCorrectBinding" executed="True" result="Success" success="True" time="0.000" asserts="3" />
                      <test-case name="MusicCollectionTest.PyBindingTest.BindingPathParserTest.BuildBinding_ElementNameWithProperty_ReturnsCorrectBinding" executed="True" result="Success" success="True" time="0.000" asserts="3" />
                      <test-case name="MusicCollectionTest.PyBindingTest.BindingPathParserTest.BuildBinding_FindAncestor_ReturnsCorrectBinding" executed="True" result="Success" success="True" time="0.035" asserts="12" />
                      <test-case name="MusicCollectionTest.PyBindingTest.BindingPathParserTest.BuildBinding_Indexer" executed="True" result="Success" success="True" time="0.000" asserts="4" />
                      <test-case name="MusicCollectionTest.PyBindingTest.BindingPathParserTest.BuildBinding_Self_ReturnsCorrectBinding" executed="True" result="Success" success="True" time="0.001" asserts="4" />
                      <test-case name="MusicCollectionTest.PyBindingTest.BindingPathParserTest.BuildBinding_SelfWithProperty_ReturnsCorrectBinding" executed="True" result="Success" success="True" time="0.000" asserts="4" />
                      <test-case name="MusicCollectionTest.PyBindingTest.BindingPathParserTest.BuildBinding_TemplateParent_ReturnsCorrectBinding" executed="True" result="Success" success="True" time="0.000" asserts="4" />
                      <test-case name="MusicCollectionTest.PyBindingTest.BindingPathParserTest.SetupPythonScriptWithReplacement_ConditionalStatement_ReplacesPaths" executed="True" result="Success" success="True" time="0.007" asserts="1" />
                      <test-case name="MusicCollectionTest.PyBindingTest.BindingPathParserTest.SetupPythonScriptWithReplacement_OneBindingPaths_ReplacesPaths" executed="True" result="Success" success="True" time="0.001" asserts="1" />
                    </results>
                  </test-suite>
                  <test-suite type="TestFixture" name="PyBindingTest" executed="True" result="Success" success="True" time="18.607" asserts="0">
                    <categories>
                      <category name="Unitary" />
                      <category name="PyBinding" />
                    </categories>
                    <properties>
                      <property name="APARTMENT_STATE" value="STA" />
                    </properties>
                    <results>
                      <test-case name="MusicCollectionTest.PyBindingTest.PyBindingTest.TextBlockText_BoundToSliderValueByName_DisplaysValue" executed="True" result="Success" success="True" time="12.657" asserts="1" />
                      <test-case name="MusicCollectionTest.PyBindingTest.PyBindingTest.TextBlockText_BoundToSliderValueByName_Toway_Complex" executed="True" result="Success" success="True" time="0.730" asserts="5" />
                      <test-case name="MusicCollectionTest.PyBindingTest.PyBindingTest.TextBlockText_BoundToSliderValueByName_Toway_Complex_NoExplicitTwoWay" executed="True" result="Success" success="True" time="0.478" asserts="5" />
                      <test-case name="MusicCollectionTest.PyBindingTest.PyBindingTest.TextBlockText_BoundToSliderValueByName_Toway_DisplaysValue" executed="True" result="Success" success="True" time="0.477" asserts="4" />
                      <test-case name="MusicCollectionTest.PyBindingTest.PyBindingTest.TextBlockText_BoundToSliderValueByName_Toway_DisplaysValue2" executed="True" result="Success" success="True" time="0.473" asserts="4" />
                      <test-case name="MusicCollectionTest.PyBindingTest.PyBindingTest.TextBlockText_BoundToSliderValueByName_Toway_Exception" executed="True" result="Success" success="True" time="0.738" asserts="2" />
                      <test-case name="MusicCollectionTest.PyBindingTest.PyBindingTest.TextBlockText_Conditional_DisplaysValue" executed="True" result="Success" success="True" time="0.544" asserts="2" />
                      <test-case name="MusicCollectionTest.PyBindingTest.PyBindingTest.TextBlockText_DataContext_DisplaysValue" executed="True" result="Success" success="True" time="0.826" asserts="1" />
                      <test-case name="MusicCollectionTest.PyBindingTest.PyBindingTest.TextBlockText_MultipleValues_DisplaysValue" executed="True" result="Success" success="True" time="0.611" asserts="2" />
                      <test-case name="MusicCollectionTest.PyBindingTest.PyBindingTest.TextBlockText_PropertyOnSelf_DisplaysValue" executed="True" result="Success" success="True" time="0.479" asserts="1" />
                      <test-case name="MusicCollectionTest.PyBindingTest.PyBindingTest.TextBlockText_ValueIsNull_ReturnsDefaultValue" executed="True" result="Success" success="True" time="0.522" asserts="1" />
                    </results>
                  </test-suite>
                </results>
              </test-suite>
              <test-suite type="Namespace" name="ToolBox" executed="True" result="Failure" success="False" time="22.527" asserts="0">
                <results>
                  <test-suite type="Namespace" name="Collection" executed="True" result="Success" success="True" time="0.057" asserts="0">
                    <results>
                      <test-suite type="TestFixture" name="WrappedObservableCollectionTestor" executed="True" result="Success" success="True" time="0.056" asserts="0">
                        <categories>
                          <category name="ToolBox" />
                          <category name="Unitary" />
                        </categories>
                        <results>
                          <test-case name="MusicCollectionTest.ToolBox.Collection.WrappedObservableCollectionTestor.Test" executed="True" result="Success" success="True" time="0.002" asserts="0" />
                          <test-case name="MusicCollectionTest.ToolBox.Collection.WrappedObservableCollectionTestor.Test_2" executed="True" result="Success" success="True" time="0.001" asserts="0" />
                          <test-case name="MusicCollectionTest.ToolBox.Collection.WrappedObservableCollectionTestor.Test_3" executed="True" result="Success" success="True" time="0.002" asserts="0" />
                          <test-case name="MusicCollectionTest.ToolBox.Collection.WrappedObservableCollectionTestor.Test_4" executed="True" result="Success" success="True" time="0.000" asserts="0" />
                          <test-case name="MusicCollectionTest.ToolBox.Collection.WrappedObservableCollectionTestor.Test_5" executed="True" result="Success" success="True" time="0.001" asserts="0" />
                          <test-case name="MusicCollectionTest.ToolBox.Collection.WrappedObservableCollectionTestor.Test_6" executed="True" result="Success" success="True" time="0.001" asserts="0" />
                        </results>
                      </test-suite>
                    </results>
                  </test-suite>
                  <test-suite type="TestFixture" name="CollectionFunctionallyListened" executed="True" result="Success" success="True" time="0.091" asserts="0">
                    <categories>
                      <category name="ToolBox" />
                      <category name="Unitary" />
                    </categories>
                    <results>
                      <test-case name="MusicCollectionTest.ToolBox.CollectionFunctionallyListened.test_0" executed="True" result="Success" success="True" time="0.090" asserts="12" />
                    </results>
                  </test-suite>
                  <test-suite type="TestFixture" name="CollectionUISafeEventTestor" executed="True" result="Success" success="True" time="0.105" asserts="0">
                    <categories>
                      <category name="Unitary" />
                      <category name="ToolBox" />
                    </categories>
                    <results>
                      <test-case name="MusicCollectionTest.ToolBox.CollectionUISafeEventTestor.Asynchrone_Event_Test" executed="True" result="Success" success="True" time="0.002" asserts="0" />
                      <test-case name="MusicCollectionTest.ToolBox.CollectionUISafeEventTestor.GetEventFactorizable_Test_MoveComputed" executed="True" result="Success" success="True" time="0.003" asserts="0" />
                      <test-case name="MusicCollectionTest.ToolBox.CollectionUISafeEventTestor.GetEventFactorizable_Test_NothingComputed" executed="True" result="Success" success="True" time="0.001" asserts="0" />
                      <test-case name="MusicCollectionTest.ToolBox.CollectionUISafeEventTestor.GetEventFactorizable_Test_Pretty_Simple" executed="True" result="Success" success="True" time="0.000" asserts="0" />
                      <test-case name="MusicCollectionTest.ToolBox.CollectionUISafeEventTestor.GetEventFactorizable_Test_ReplaceComputed" executed="True" result="Success" success="True" time="0.002" asserts="0" />
                      <test-case name="MusicCollectionTest.ToolBox.CollectionUISafeEventTestor.GetEventFactorizable_Test_ResetComputed" executed="True" result="Success" success="True" time="0.001" asserts="0" />
                      <test-case name="MusicCollectionTest.ToolBox.CollectionUISafeEventTestor.GetEventFactorizable_Test_ResetComputed_2" executed="True" result="Success" success="True" time="0.002" asserts="0" />
                      <test-case name="MusicCollectionTest.ToolBox.CollectionUISafeEventTestor.GetEventFactorizable_Test_Simple" executed="True" result="Success" success="True" time="0.002" asserts="0" />
                      <test-case name="MusicCollectionTest.ToolBox.CollectionUISafeEventTestor.GetEventFactorizable_Test_Ultra_Simple" executed="True" result="Success" success="True" time="0.000" asserts="0" />
                      <test-case name="MusicCollectionTest.ToolBox.CollectionUISafeEventTestor.Simple_Event_Test" executed="True" result="Success" success="True" time="0.002" asserts="0" />
                      <test-case name="MusicCollectionTest.ToolBox.CollectionUISafeEventTestor.Zero_Event_Test" executed="True" result="Success" success="True" time="0.001" asserts="0" />
                    </results>
                  </test-suite>
                  <test-suite type="TestFixture" name="CollectionUISafeEventTestorDispatcher" executed="True" result="Success" success="True" time="0.547" asserts="0">
                    <categories>
                      <category name="Unitary" />
                      <category name="ToolBox" />
                    </categories>
                    <results>
                      <test-case name="MusicCollectionTest.ToolBox.CollectionUISafeEventTestorDispatcher.AsSynchrone_Event_Test_OtherThread" executed="True" result="Success" success="True" time="0.521" asserts="0" />
                      <test-case name="MusicCollectionTest.ToolBox.CollectionUISafeEventTestorDispatcher.Synchrone_Event_Test_OtherThread" executed="True" result="Success" success="True" time="0.020" asserts="0" />
                    </results>
                  </test-suite>
                  <test-suite type="TestFixture" name="CoupleTest" executed="True" result="Success" success="True" time="0.003" asserts="0">
                    <categories>
                      <category name="Unitary" />
                      <category name="ToolBox" />
                    </categories>
                    <results>
                      <test-case name="MusicCollectionTest.ToolBox.CoupleTest.Test0" executed="True" result="Success" success="True" time="0.002" asserts="0" />
                    </results>
                  </test-suite>
                  <test-suite type="TestFixture" name="DictionaryTester" executed="True" result="Success" success="True" time="0.351" asserts="0">
                    <categories>
                      <category name="Unitary" />
                      <category name="ToolBox" />
                    </categories>
                    <results>
                      <test-case name="MusicCollectionTest.ToolBox.DictionaryTester.Test_ListDictionary" executed="True" result="Success" success="True" time="0.190" asserts="0" />
                      <test-case name="MusicCollectionTest.ToolBox.DictionaryTester.Test_PolyMorphDictionary" executed="True" result="Success" success="True" time="0.058" asserts="0" />
                      <test-case name="MusicCollectionTest.ToolBox.DictionaryTester.Test_PolyMorphSimpleDictionary" executed="True" result="Success" success="True" time="0.028" asserts="0" />
                      <test-case name="MusicCollectionTest.ToolBox.DictionaryTester.Test_PolyMorphSimpleDictionary_Empty_Test" executed="True" result="Success" success="True" time="0.001" asserts="0" />
                      <test-case name="MusicCollectionTest.ToolBox.DictionaryTester.Test_WeakDictionary" executed="True" result="Success" success="True" time="0.046" asserts="0" />
                    </results>
                  </test-suite>
                  <test-suite type="TestFixture" name="DynaJSONConv" executed="True" result="Success" success="True" time="0.271" asserts="0">
                    <categories>
                      <category name="ToolBox" />
                      <category name="Unitary" />
                    </categories>
                    <results>
                      <test-case name="MusicCollectionTest.ToolBox.DynaJSONConv.Test" executed="True" result="Success" success="True" time="0.217" asserts="9" />
                      <test-case name="MusicCollectionTest.ToolBox.DynaJSONConv.Test2" executed="True" result="Success" success="True" time="0.023" asserts="0" />
                    </results>
                  </test-suite>
                  <test-suite type="TestFixture" name="EnumerableThreadingExtensionTest" executed="True" result="Success" success="True" time="0.009" asserts="0">
                    <categories>
                      <category name="Unitary" />
                      <category name="ToolBox" />
                    </categories>
                    <results>
                      <test-case name="MusicCollectionTest.ToolBox.EnumerableThreadingExtensionTest.Test_Basic" executed="True" result="Success" success="True" time="0.003" asserts="0" />
                      <test-case name="MusicCollectionTest.ToolBox.EnumerableThreadingExtensionTest.Test_Basic_Cancelled" executed="True" result="Success" success="True" time="0.000" asserts="0" />
                    </results>
                  </test-suite>
                  <test-suite type="TestFixture" name="ExpressionVisitorFunctionTest" executed="True" result="Success" success="True" time="0.082" asserts="0">
                    <categories>
                      <category name="Unitary" />
                      <category name="ToolBox" />
                    </categories>
                    <results>
                      <test-case name="MusicCollectionTest.ToolBox.ExpressionVisitorFunctionTest.CompileToObservable_Test_1" executed="True" result="Success" success="True" time="0.002" asserts="0" />
                      <test-case name="MusicCollectionTest.ToolBox.ExpressionVisitorFunctionTest.CompileToObservable_Test_2" executed="True" result="Success" success="True" time="0.001" asserts="0" />
                      <test-case name="MusicCollectionTest.ToolBox.ExpressionVisitorFunctionTest.CompileToObservable_Test_Collection" executed="True" result="Success" success="True" time="0.006" asserts="0" />
                      <test-case name="MusicCollectionTest.ToolBox.ExpressionVisitorFunctionTest.CompileToObservable_Test_Collection_Complex" executed="True" result="Success" success="True" time="0.012" asserts="0" />
                      <test-case name="MusicCollectionTest.ToolBox.ExpressionVisitorFunctionTest.SimpleFunction_Test_1" executed="True" result="Success" success="True" time="0.003" asserts="0" />
                      <test-case name="MusicCollectionTest.ToolBox.ExpressionVisitorFunctionTest.SimpleFunction_Test_2" executed="True" result="Success" success="True" time="0.004" asserts="0" />
                      <test-case name="MusicCollectionTest.ToolBox.ExpressionVisitorFunctionTest.SimpleFunction_Test_3" executed="True" result="Success" success="True" time="0.008" asserts="0" />
                      <test-case name="MusicCollectionTest.ToolBox.ExpressionVisitorFunctionTest.Test_1" executed="True" result="Success" success="True" time="0.007" asserts="0" />
                      <test-case name="MusicCollectionTest.ToolBox.ExpressionVisitorFunctionTest.Test_2" executed="True" result="Success" success="True" time="0.004" asserts="0" />
                    </results>
                  </test-suite>
                  <test-suite type="TestFixture" name="ExtensionTestor" executed="True" result="Inconclusive" success="False" time="0.000" asserts="0">
                    <categories>
                      <category name="Unitary" />
                      <category name="ToolBox" />
                    </categories>
                  </test-suite>
                  <test-suite type="TestFixture" name="FileInternalToolBoxTestor" executed="True" result="Success" success="True" time="0.118" asserts="0">
                    <categories>
                      <category name="ToolBox" />
                      <category name="Unitary" />
                    </categories>
                    <results>
                      <test-case name="MusicCollectionTest.ToolBox.FileInternalToolBoxTestor.AvailableFreeSpace_Test" executed="True" result="Success" success="True" time="0.001" asserts="0" />
                      <test-case name="MusicCollectionTest.ToolBox.FileInternalToolBoxTestor.BasicTest" executed="True" result="Success" success="True" time="0.003" asserts="20" />
                      <test-case name="MusicCollectionTest.ToolBox.FileInternalToolBoxTestor.CreateFolder_Test" executed="True" result="Success" success="True" time="0.084" asserts="0" />
                      <test-case name="MusicCollectionTest.ToolBox.FileInternalToolBoxTestor.FileInternalToolBox_Test" executed="True" result="Success" success="True" time="0.001" asserts="0" />
                      <test-case name="MusicCollectionTest.ToolBox.FileInternalToolBoxTestor.GetApplicationDirectoryName_Test" executed="True" result="Success" success="True" time="0.003" asserts="0" />
                      <test-case name="MusicCollectionTest.ToolBox.FileInternalToolBoxTestor.GetAvailableCDDriver_Test" executed="True" result="Success" success="True" time="0.005" asserts="0" />
                    </results>
                  </test-suite>
                  <test-suite type="Namespace" name="FunctionListener" executed="True" result="Success" success="True" time="0.218" asserts="0">
                    <results>
                      <test-suite type="TestFixture" name="NotifyCompleteListenerObjectTestor" executed="True" result="Success" success="True" time="0.178" asserts="0">
                        <categories>
                          <category name="ToolBox" />
                          <category name="Unitary" />
                        </categories>
                        <results>
                          <test-case name="MusicCollectionTest.ToolBox.FunctionListener.NotifyCompleteListenerObjectTestor.Test_Basic" executed="True" result="Success" success="True" time="0.052" asserts="27" />
                          <test-case name="MusicCollectionTest.ToolBox.FunctionListener.NotifyCompleteListenerObjectTestor.Test_Basic_Derivation" executed="True" result="Success" success="True" time="0.001" asserts="27" />
                          <test-case name="MusicCollectionTest.ToolBox.FunctionListener.NotifyCompleteListenerObjectTestor.Test_Basic_NewAPI" executed="True" result="Success" success="True" time="0.007" asserts="27" />
                          <test-case name="MusicCollectionTest.ToolBox.FunctionListener.NotifyCompleteListenerObjectTestor.Test_Complexe_Derivation" executed="True" result="Success" success="True" time="0.094" asserts="31" />
                          <test-case name="MusicCollectionTest.ToolBox.FunctionListener.NotifyCompleteListenerObjectTestor.Test_Complexe_Derivation_Without_Listener" executed="True" result="Success" success="True" time="0.008" asserts="39" />
                        </results>
                      </test-suite>
                      <test-suite type="TestFixture" name="ProprietyListenerTester" executed="True" result="Success" success="True" time="0.034" asserts="0">
                        <categories>
                          <category name="ToolBox" />
                          <category name="Unitary" />
                        </categories>
                        <results>
                          <test-case name="MusicCollectionTest.ToolBox.FunctionListener.ProprietyListenerTester.Test_4" executed="True" result="Success" success="True" time="0.006" asserts="0" />
                          <test-case name="MusicCollectionTest.ToolBox.FunctionListener.ProprietyListenerTester.Test_5" executed="True" result="Success" success="True" time="0.002" asserts="0" />
                          <test-case name="MusicCollectionTest.ToolBox.FunctionListener.ProprietyListenerTester.Test_6" executed="True" result="Success" success="True" time="0.002" asserts="0" />
                          <test-case name="MusicCollectionTest.ToolBox.FunctionListener.ProprietyListenerTester.Test_7" executed="True" result="Success" success="True" time="0.002" asserts="0" />
                          <test-case name="MusicCollectionTest.ToolBox.FunctionListener.ProprietyListenerTester.Test_First" executed="True" result="Success" success="True" time="0.002" asserts="0" />
                          <test-case name="MusicCollectionTest.ToolBox.FunctionListener.ProprietyListenerTester.Test_Second" executed="True" result="Success" success="True" time="0.002" asserts="0" />
                        </results>
                      </test-suite>
                    </results>
                  </test-suite>
                  <test-suite type="TestFixture" name="FunctionResultListenerFactoryTestor" executed="True" result="Success" success="True" time="0.046" asserts="0">
                    <categories>
                      <category name="ToolBox" />
                      <category name="Unitary" />
                    </categories>
                    <results>
                      <test-case name="MusicCollectionTest.ToolBox.FunctionResultListenerFactoryTestor.Test_Basic" executed="True" result="Success" success="True" time="0.009" asserts="0" />
                      <test-case name="MusicCollectionTest.ToolBox.FunctionResultListenerFactoryTestor.Test_Simple" executed="True" result="Success" success="True" time="0.007" asserts="0" />
                      <test-case name="MusicCollectionTest.ToolBox.FunctionResultListenerFactoryTestor.Test_Simple_2" executed="True" result="Success" success="True" time="0.005" asserts="0" />
                      <test-case name="MusicCollectionTest.ToolBox.FunctionResultListenerFactoryTestor.Test_Simple_NoChangesAfterDispose" executed="True" result="Success" success="True" time="0.001" asserts="0" />
                      <test-case name="MusicCollectionTest.ToolBox.FunctionResultListenerFactoryTestor.Test_Simple_NoChangesAfterDispose_DynamicRegister" executed="True" result="Success" success="True" time="0.003" asserts="0" />
                      <test-case name="MusicCollectionTest.ToolBox.FunctionResultListenerFactoryTestor.Test_Simple_NoChangesAfterDispose_Nolistener" executed="True" result="Success" success="True" time="0.001" asserts="0" />
                    </results>
                  </test-suite>
                  <test-suite type="TestFixture" name="HttpJsonInterpretorTestor" executed="True" result="Success" success="True" time="3.821" asserts="0">
                    <categories>
                      <category name="ToolBox" />
                      <category name="Unitary" />
                    </categories>
                    <results>
                      <test-case name="MusicCollectionTest.ToolBox.HttpJsonInterpretorTestor.Test_Json_Response" executed="True" result="Success" success="True" time="0.906" asserts="0" />
                      <test-case name="MusicCollectionTest.ToolBox.HttpJsonInterpretorTestor.Test_Json_Response_Error_Case" executed="True" result="Success" success="True" time="0.135" asserts="0" />
                      <test-case name="MusicCollectionTest.ToolBox.HttpJsonInterpretorTestor.Test_Json_Response_Error_Case_Stream_Null" executed="True" result="Success" success="True" time="0.070" asserts="0" />
                      <test-case name="MusicCollectionTest.ToolBox.HttpJsonInterpretorTestor.Test_Json_Response_Error_Case_Throw_Web_Exception" executed="True" result="Success" success="True" time="0.236" asserts="0" />
                      <test-case name="MusicCollectionTest.ToolBox.HttpJsonInterpretorTestor.Test_Musicbrainz_Link" executed="False" result="Ignored">
                        <reason>
                          <message><![CDATA[]]></message>
                        </reason>
                      </test-case>
                      <test-case name="MusicCollectionTest.ToolBox.HttpJsonInterpretorTestor.Test_NoneJsonSite" executed="True" result="Success" success="True" time="1.675" asserts="0" />
                      <test-case name="MusicCollectionTest.ToolBox.HttpJsonInterpretorTestor.Test_NullConstructor" executed="True" result="Success" success="True" time="0.072" asserts="0" />
                      <test-case name="MusicCollectionTest.ToolBox.HttpJsonInterpretorTestor.Test_wrong_Link" executed="True" result="Success" success="True" time="0.481" asserts="0" />
                      <test-case name="MusicCollectionTest.ToolBox.HttpJsonInterpretorTestor.Test_wrongsite" executed="True" result="Success" success="True" time="0.163" asserts="0" />
                    </results>
                  </test-suite>
                  <test-suite type="TestFixture" name="HttpWebRequestWrapperTest" executed="True" result="Success" success="True" time="0.004" asserts="0">
                    <categories>
                      <category name="Unitary" />
                      <category name="ToolBox" />
                    </categories>
                    <results>
                      <test-case name="MusicCollectionTest.ToolBox.HttpWebRequestWrapperTest.Test_RequestWrapper" executed="True" result="Success" success="True" time="0.002" asserts="0" />
                    </results>
                  </test-suite>
                  <test-suite type="TestFixture" name="ImageUtilityTestor" executed="True" result="Failure" success="False" time="0.595" asserts="0">
                    <categories>
                      <category name="Unitary" />
                      <category name="ToolBox" />
                    </categories>
                    <results>
                      <test-case name="MusicCollectionTest.ToolBox.ImageUtilityTestor.ChangerFromStream_Teste_KO" executed="True" result="Success" success="True" time="0.171" asserts="0" />
                      <test-case name="MusicCollectionTest.ToolBox.ImageUtilityTestor.ChangerFromStreamResize_Teste_KO" executed="True" result="Success" success="True" time="0.004" asserts="0" />
                      <test-case name="MusicCollectionTest.ToolBox.ImageUtilityTestor.IBufferProvider_Fail_with_buffer" executed="True" result="Success" success="True" time="0.105" asserts="0" />
                      <test-case name="MusicCollectionTest.ToolBox.ImageUtilityTestor.IBufferProvider_Fail_with_Null_buffer" executed="True" result="Success" success="True" time="0.001" asserts="0" />
                      <test-case name="MusicCollectionTest.ToolBox.ImageUtilityTestor.IBufferProvider_Fail_with_persistedPath" executed="True" result="Success" success="True" time="0.085" asserts="0" />
                      <test-case name="MusicCollectionTest.ToolBox.ImageUtilityTestor.IBufferProvider_null" executed="True" result="Success" success="True" time="0.001" asserts="0" />
                      <test-case name="MusicCollectionTest.ToolBox.ImageUtilityTestor.IBufferProvider_with_buffer" executed="True" result="Success" success="True" time="0.029" asserts="0" />
                      <test-case name="MusicCollectionTest.ToolBox.ImageUtilityTestor.IBufferProvider_with_persistedPath" executed="True" result="Success" success="True" time="0.004" asserts="0" />
                      <test-case name="MusicCollectionTest.ToolBox.ImageUtilityTestor.Rotate_Teste" executed="True" result="Success" success="True" time="0.003" asserts="0" />
                      <test-case name="MusicCollectionTest.ToolBox.ImageUtilityTestor.Rotate_Teste_KO" executed="True" result="Error" success="False" time="0.066" asserts="0">
                        <failure>
                          <message><![CDATA[System.IO.IOException : O processo não pode acessar o arquivo 'C:\Users\David\Documents\Visual Studio 2010\Projects\MusicCollection\MusicCollectionTest\TestFolders\InToBeCopied\ImageUtilityTestor\TextFile1.txt' porque ele está sendo usado por outro processo.]]></message>
                          <stack-trace><![CDATA[em System.IO.__Error.WinIOError(Int32 errorCode, String maybeFullPath)
em System.IO.FileStream.Init(String path, FileMode mode, FileAccess access, Int32 rights, Boolean useRights, FileShare share, Int32 bufferSize, FileOptions options, SECURITY_ATTRIBUTES secAttrs, String msgPath, Boolean bFromProxy, Boolean useLongPath, Boolean checkHost)
em System.IO.FileStream..ctor(String path, FileMode mode, FileAccess access, FileShare share, Int32 bufferSize, FileOptions options, String msgPath, Boolean bFromProxy)
em System.IO.FileStream..ctor(String path, FileMode mode)
em MusicCollectionTest.ToolBox.ImageUtilityTestor.GetRottenStream() na c:\Users\David\Documents\Visual Studio 2010\Projects\MusicCollection\MusicCollectionTest\ToolBox\ImageUtilityTestor.cs:linha 50
em MusicCollectionTest.ToolBox.ImageUtilityTestor.Rotate_Teste_KO() na c:\Users\David\Documents\Visual Studio 2010\Projects\MusicCollection\MusicCollectionTest\ToolBox\ImageUtilityTestor.cs:linha 123
]]></stack-trace>
                        </failure>
                      </test-case>
                      <test-case name="MusicCollectionTest.ToolBox.ImageUtilityTestor.Rotate_Teste_Save" executed="True" result="Success" success="True" time="0.012" asserts="0" />
                    </results>
                  </test-suite>
                  <test-suite type="TestFixture" name="InternalBufferTestor" executed="True" result="Success" success="True" time="1.691" asserts="0">
                    <categories>
                      <category name="ToolBox" />
                      <category name="Unitary" />
                    </categories>
                    <results>
                      <test-case name="MusicCollectionTest.ToolBox.InternalBufferTestor.BufferBufferBasic" executed="True" result="Success" success="True" time="0.003" asserts="0" />
                      <test-case name="MusicCollectionTest.ToolBox.InternalBufferTestor.BufferBufferCloneOK" executed="True" result="Success" success="True" time="0.003" asserts="0" />
                      <test-case name="MusicCollectionTest.ToolBox.InternalBufferTestor.BufferBufferCopiedOK" executed="True" result="Success" success="True" time="0.042" asserts="0" />
                      <test-case name="MusicCollectionTest.ToolBox.InternalBufferTestor.BufferBufferSavedOK" executed="True" result="Success" success="True" time="0.046" asserts="0" />
                      <test-case name="MusicCollectionTest.ToolBox.InternalBufferTestor.BufferHttpCloneOK" executed="True" result="Success" success="True" time="0.574" asserts="0" />
                      <test-case name="MusicCollectionTest.ToolBox.InternalBufferTestor.BufferPathCloneOK" executed="True" result="Success" success="True" time="0.001" asserts="0" />
                      <test-case name="MusicCollectionTest.ToolBox.InternalBufferTestor.BufferPathCopiedOK" executed="True" result="Success" success="True" time="0.036" asserts="0" />
                      <test-case name="MusicCollectionTest.ToolBox.InternalBufferTestor.BufferPathSavedOK" executed="True" result="Success" success="True" time="0.006" asserts="0" />
                      <test-case name="MusicCollectionTest.ToolBox.InternalBufferTestor.BufferStreamBasic" executed="True" result="Success" success="True" time="0.001" asserts="0" />
                      <test-case name="MusicCollectionTest.ToolBox.InternalBufferTestor.BufferStreamCloneOK" executed="True" result="Success" success="True" time="0.001" asserts="0" />
                      <test-case name="MusicCollectionTest.ToolBox.InternalBufferTestor.Test_Compare_Entity" executed="True" result="Success" success="True" time="0.041" asserts="0" />
                      <test-case name="MusicCollectionTest.ToolBox.InternalBufferTestor.Test_Compare_Entity_2" executed="True" result="Success" success="True" time="0.002" asserts="0" />
                      <test-case name="MusicCollectionTest.ToolBox.InternalBufferTestor.Test_Http_Download_Null_Path" executed="True" result="Success" success="True" time="0.001" asserts="0" />
                      <test-case name="MusicCollectionTest.ToolBox.InternalBufferTestor.Test_Http_Download_Valid_Path" executed="True" result="Success" success="True" time="0.400" asserts="0" />
                      <test-case name="MusicCollectionTest.ToolBox.InternalBufferTestor.Test_Http_Download_Valid_Path_With_Internet_Context" executed="True" result="Success" success="True" time="0.388" asserts="0" />
                      <test-case name="MusicCollectionTest.ToolBox.InternalBufferTestor.Test_InValid_Path" executed="True" result="Success" success="True" time="0.002" asserts="0" />
                      <test-case name="MusicCollectionTest.ToolBox.InternalBufferTestor.Test_Valid_Path" executed="True" result="Success" success="True" time="0.002" asserts="0" />
                      <test-case name="MusicCollectionTest.ToolBox.InternalBufferTestor.Test_Valid_Path_2" executed="True" result="Success" success="True" time="0.001" asserts="0" />
                    </results>
                  </test-suite>
                  <test-suite type="TestFixture" name="LambdaExtensionTestor" executed="True" result="Success" success="True" time="0.070" asserts="0">
                    <categories>
                      <category name="ToolBox" />
                      <category name="Unitary" />
                    </categories>
                    <results>
                      <test-case name="MusicCollectionTest.ToolBox.LambdaExtensionTestor.test0" executed="True" result="Success" success="True" time="0.010" asserts="5" />
                      <test-case name="MusicCollectionTest.ToolBox.LambdaExtensionTestor.test01" executed="True" result="Success" success="True" time="0.002" asserts="5" />
                      <test-case name="MusicCollectionTest.ToolBox.LambdaExtensionTestor.test02" executed="True" result="Success" success="True" time="0.001" asserts="5" />
                      <test-case name="MusicCollectionTest.ToolBox.LambdaExtensionTestor.test03" executed="True" result="Success" success="True" time="0.002" asserts="7" />
                      <test-case name="MusicCollectionTest.ToolBox.LambdaExtensionTestor.test04" executed="True" result="Success" success="True" time="0.002" asserts="5" />
                      <test-case name="MusicCollectionTest.ToolBox.LambdaExtensionTestor.test05" executed="True" result="Success" success="True" time="0.002" asserts="13" />
                      <test-case name="MusicCollectionTest.ToolBox.LambdaExtensionTestor.test06" executed="True" result="Success" success="True" time="0.002" asserts="6" />
                      <test-case name="MusicCollectionTest.ToolBox.LambdaExtensionTestor.test1" executed="True" result="Success" success="True" time="0.003" asserts="32" />
                      <test-case name="MusicCollectionTest.ToolBox.LambdaExtensionTestor.test2" executed="True" result="Success" success="True" time="0.002" asserts="32" />
                    </results>
                  </test-suite>
                  <test-suite type="TestFixture" name="LambdaHelperTester" executed="True" result="Success" success="True" time="0.229" asserts="0">
                    <categories>
                      <category name="Unitary" />
                      <category name="ToolBox" />
                    </categories>
                    <results>
                      <test-case name="MusicCollectionTest.ToolBox.LambdaHelperTester.basictest" executed="True" result="Success" success="True" time="0.000" asserts="0" />
                      <test-case name="MusicCollectionTest.ToolBox.LambdaHelperTester.discotest18" executed="True" result="Success" success="True" time="0.008" asserts="22" />
                      <test-case name="MusicCollectionTest.ToolBox.LambdaHelperTester.test00" executed="True" result="Success" success="True" time="0.004" asserts="4" />
                      <test-case name="MusicCollectionTest.ToolBox.LambdaHelperTester.test1" executed="True" result="Success" success="True" time="0.005" asserts="24" />
                      <test-case name="MusicCollectionTest.ToolBox.LambdaHelperTester.test11" executed="True" result="Success" success="True" time="0.004" asserts="30" />
                      <test-case name="MusicCollectionTest.ToolBox.LambdaHelperTester.test13" executed="True" result="Success" success="True" time="0.006" asserts="24" />
                      <test-case name="MusicCollectionTest.ToolBox.LambdaHelperTester.test15" executed="True" result="Success" success="True" time="0.008" asserts="32" />
                      <test-case name="MusicCollectionTest.ToolBox.LambdaHelperTester.test18" executed="True" result="Success" success="True" time="0.005" asserts="31" />
                      <test-case name="MusicCollectionTest.ToolBox.LambdaHelperTester.test20" executed="True" result="Success" success="True" time="0.004" asserts="45" />
                      <test-case name="MusicCollectionTest.ToolBox.LambdaHelperTester.test21" executed="True" result="Success" success="True" time="0.003" asserts="27" />
                      <test-case name="MusicCollectionTest.ToolBox.LambdaHelperTester.test31" executed="True" result="Success" success="True" time="0.005" asserts="15" />
                      <test-case name="MusicCollectionTest.ToolBox.LambdaHelperTester.test4" executed="True" result="Success" success="True" time="0.003" asserts="24" />
                      <test-case name="MusicCollectionTest.ToolBox.LambdaHelperTester.test9" executed="True" result="Success" success="True" time="0.004" asserts="15" />
                    </results>
                  </test-suite>
                  <test-suite type="TestFixture" name="LambdaTester2" executed="True" result="Success" success="True" time="4.847" asserts="0">
                    <categories>
                      <category name="Unitary" />
                      <category name="ToolBox" />
                    </categories>
                    <results>
                      <test-case name="MusicCollectionTest.ToolBox.LambdaTester2.test_Collection" executed="True" result="Success" success="True" time="0.015" asserts="48" />
                      <test-case name="MusicCollectionTest.ToolBox.LambdaTester2.test_Complete" executed="True" result="Success" success="True" time="0.035" asserts="5" />
                      <test-case name="MusicCollectionTest.ToolBox.LambdaTester2.test_Complete_Less" executed="True" result="Success" success="True" time="0.005" asserts="13" />
                      <test-case name="MusicCollectionTest.ToolBox.LambdaTester2.test_Complete_Less_" executed="True" result="Success" success="True" time="0.012" asserts="12" />
                      <test-case name="MusicCollectionTest.ToolBox.LambdaTester2.test_Complete_Less_OneParameter" executed="True" result="Success" success="True" time="0.002" asserts="6" />
                      <test-case name="MusicCollectionTest.ToolBox.LambdaTester2.test_Complete_Less_OneParameter_Collection" executed="True" result="Success" success="True" time="0.007" asserts="9" />
                      <test-case name="MusicCollectionTest.ToolBox.LambdaTester2.test_Complete_Less_Visitor" executed="True" result="Success" success="True" time="0.008" asserts="6" />
                      <test-case name="MusicCollectionTest.ToolBox.LambdaTester2.test_Complete_Less_Visitor_Testor1" executed="True" result="Success" success="True" time="0.004" asserts="9" />
                      <test-case name="MusicCollectionTest.ToolBox.LambdaTester2.test_Complete_Less_Visitor_Testor2" executed="True" result="Success" success="True" time="4.649" asserts="2" />
                      <test-case name="MusicCollectionTest.ToolBox.LambdaTester2.test_Complete_More" executed="True" result="Success" success="True" time="0.005" asserts="6" />
                      <test-case name="MusicCollectionTest.ToolBox.LambdaTester2.Test_constant" executed="True" result="Success" success="True" time="0.006" asserts="0" />
                      <test-case name="MusicCollectionTest.ToolBox.LambdaTester2.test_ConstantExpressionFinder" executed="True" result="Success" success="True" time="0.008" asserts="10" />
                      <test-case name="MusicCollectionTest.ToolBox.LambdaTester2.test0" executed="True" result="Success" success="True" time="0.003" asserts="11" />
                      <test-case name="MusicCollectionTest.ToolBox.LambdaTester2.test00" executed="True" result="Success" success="True" time="0.007" asserts="14" />
                      <test-case name="MusicCollectionTest.ToolBox.LambdaTester2.test30" executed="True" result="Success" success="True" time="0.005" asserts="2" />
                      <test-case name="MusicCollectionTest.ToolBox.LambdaTester2.test31" executed="True" result="Success" success="True" time="0.006" asserts="29" />
                    </results>
                  </test-suite>
                  <test-suite type="TestFixture" name="LifeCycleTester" executed="False" result="Ignored">
                    <categories>
                      <category name="ToolBox" />
                      <category name="Unitary" />
                    </categories>
                    <reason>
                      <message><![CDATA[Life Tester not implemented - to be re-evaluated]]></message>
                    </reason>
                    <results>
                      <test-case name="MusicCollectionTest.ToolBox.LifeCycleTester.BasicTest" executed="False" result="Ignored">
                        <reason>
                          <message><![CDATA[Life Tester not implemented - to be re-evaluated]]></message>
                        </reason>
                      </test-case>
                      <test-case name="MusicCollectionTest.ToolBox.LifeCycleTester.BasicTest2" executed="False" result="Ignored">
                        <reason>
                          <message><![CDATA[Life Tester not implemented - to be re-evaluated]]></message>
                        </reason>
                      </test-case>
                      <test-case name="MusicCollectionTest.ToolBox.LifeCycleTester.BasicTest3Remove" executed="False" result="Ignored">
                        <reason>
                          <message><![CDATA[Life Tester not implemented - to be re-evaluated]]></message>
                        </reason>
                      </test-case>
                      <test-case name="MusicCollectionTest.ToolBox.LifeCycleTester.BasicTest5" executed="False" result="Ignored">
                        <reason>
                          <message><![CDATA[Life Tester not implemented - to be re-evaluated]]></message>
                        </reason>
                      </test-case>
                      <test-case name="MusicCollectionTest.ToolBox.LifeCycleTester.BasicTestOtherRemove" executed="False" result="Ignored">
                        <reason>
                          <message><![CDATA[Life Tester not implemented - to be re-evaluated]]></message>
                        </reason>
                      </test-case>
                      <test-case name="MusicCollectionTest.ToolBox.LifeCycleTester.BasicTestRemove4" executed="False" result="Ignored">
                        <reason>
                          <message><![CDATA[Life Tester not implemented - to be re-evaluated]]></message>
                        </reason>
                      </test-case>
                    </results>
                  </test-suite>
                  <test-suite type="Namespace" name="LiveCollection" executed="True" result="Success" success="True" time="2.360" asserts="0">
                    <results>
                      <test-suite type="TestFixture" name="CollectionChained" executed="True" result="Success" success="True" time="0.173" asserts="0">
                        <categories>
                          <category name="ToolBox" />
                          <category name="Unitary" />
                        </categories>
                        <results>
                          <test-case name="MusicCollectionTest.ToolBox.LiveCollection.CollectionChained.infra_test" executed="True" result="Success" success="True" time="0.066" asserts="10" />
                          <test-case name="MusicCollectionTest.ToolBox.LiveCollection.CollectionChained.Test_1" executed="True" result="Success" success="True" time="0.103" asserts="18" />
                        </results>
                      </test-suite>
                      <test-suite type="TestFixture" name="CollectionChained2" executed="True" result="Success" success="True" time="0.064" asserts="0">
                        <categories>
                          <category name="Unitary" />
                          <category name="ToolBox" />
                        </categories>
                        <results>
                          <test-case name="MusicCollectionTest.ToolBox.LiveCollection.CollectionChained2.Test" executed="True" result="Success" success="True" time="0.063" asserts="20" />
                        </results>
                      </test-suite>
                      <test-suite type="TestFixture" name="CollectionChained3" executed="True" result="Success" success="True" time="0.103" asserts="0">
                        <categories>
                          <category name="Unitary" />
                          <category name="ToolBox" />
                        </categories>
                        <results>
                          <test-case name="MusicCollectionTest.ToolBox.LiveCollection.CollectionChained3.Test_1" executed="True" result="Success" success="True" time="0.102" asserts="42" />
                        </results>
                      </test-suite>
                      <test-suite type="TestFixture" name="CollectionComposed" executed="True" result="Success" success="True" time="0.019" asserts="0">
                        <categories>
                          <category name="Unitary" />
                          <category name="ToolBox" />
                        </categories>
                        <results>
                          <test-case name="MusicCollectionTest.ToolBox.LiveCollection.CollectionComposed.Test" executed="True" result="Success" success="True" time="0.018" asserts="20" />
                        </results>
                      </test-suite>
                      <test-suite type="TestFixture" name="DummySingleObservableCollectionTestor" executed="True" result="Success" success="True" time="0.165" asserts="0">
                        <categories>
                          <category name="Unitary" />
                          <category name="ToolBox" />
                        </categories>
                        <results>
                          <test-case name="MusicCollectionTest.ToolBox.LiveCollection.DummySingleObservableCollectionTestor.Test_Exceptions" executed="True" result="Success" success="True" time="0.147" asserts="0" />
                          <test-case name="MusicCollectionTest.ToolBox.LiveCollection.DummySingleObservableCollectionTestor.Test_Exceptions_GetEnumerator" executed="True" result="Success" success="True" time="0.001" asserts="0" />
                          <test-case name="MusicCollectionTest.ToolBox.LiveCollection.DummySingleObservableCollectionTestor.TestBasic" executed="True" result="Success" success="True" time="0.003" asserts="0" />
                          <test-case name="MusicCollectionTest.ToolBox.LiveCollection.DummySingleObservableCollectionTestor.TestBasic_2" executed="True" result="Success" success="True" time="0.001" asserts="0" />
                        </results>
                      </test-suite>
                      <test-suite type="TestFixture" name="DynamicAnyTestor" executed="True" result="Success" success="True" time="0.117" asserts="0">
                        <categories>
                          <category name="Unitary" />
                          <category name="ToolBox" />
                        </categories>
                        <results>
                          <test-case name="MusicCollectionTest.ToolBox.LiveCollection.DynamicAnyTestor.Test_1" executed="True" result="Success" success="True" time="0.007" asserts="55" />
                          <test-case name="MusicCollectionTest.ToolBox.LiveCollection.DynamicAnyTestor.TestAllChanged" executed="True" result="Success" success="True" time="0.006" asserts="0" />
                        </results>
                      </test-suite>
                      <test-suite type="TestFixture" name="DynamicAverageTestor" executed="True" result="Success" success="True" time="0.026" asserts="0">
                        <categories>
                          <category name="ToolBox" />
                          <category name="Unitary" />
                        </categories>
                        <results>
                          <test-case name="MusicCollectionTest.ToolBox.LiveCollection.DynamicAverageTestor.Test_1" executed="True" result="Success" success="True" time="0.025" asserts="50" />
                        </results>
                      </test-suite>
                      <test-suite type="TestFixture" name="DynamicCountTestor" executed="True" result="Success" success="True" time="0.011" asserts="0">
                        <categories>
                          <category name="ToolBox" />
                          <category name="Unitary" />
                        </categories>
                        <results>
                          <test-case name="MusicCollectionTest.ToolBox.LiveCollection.DynamicCountTestor.Test_1" executed="True" result="Success" success="True" time="0.010" asserts="35" />
                        </results>
                      </test-suite>
                      <test-suite type="TestFixture" name="DynamicFilterTestor" executed="True" result="Success" success="True" time="0.009" asserts="0">
                        <categories>
                          <category name="ToolBox" />
                          <category name="Unitary" />
                        </categories>
                        <results>
                          <test-case name="MusicCollectionTest.ToolBox.LiveCollection.DynamicFilterTestor.TestFilterOnly" executed="True" result="Success" success="True" time="0.008" asserts="22" />
                        </results>
                      </test-suite>
                      <test-suite type="TestFixture" name="DynamicSumTestor" executed="True" result="Success" success="True" time="0.013" asserts="0">
                        <categories>
                          <category name="Unitary" />
                          <category name="ToolBox" />
                        </categories>
                        <results>
                          <test-case name="MusicCollectionTest.ToolBox.LiveCollection.DynamicSumTestor.Test_1" executed="True" result="Success" success="True" time="0.012" asserts="48" />
                        </results>
                      </test-suite>
                      <test-suite type="TestFixture" name="ListExtender+LiveReadOnlyTestor" executed="True" result="Success" success="True" time="0.076" asserts="0">
                        <categories>
                          <category name="Unitary" />
                          <category name="ToolBox" />
                        </categories>
                        <results>
                          <test-case name="MusicCollectionTest.ToolBox.LiveCollection.ListExtender+LiveReadOnlyTestor.DisconnectBehaviour" executed="True" result="Success" success="True" time="0.002" asserts="0" />
                          <test-case name="MusicCollectionTest.ToolBox.LiveCollection.ListExtender+LiveReadOnlyTestor.RegisterError" executed="True" result="Success" success="True" time="0.017" asserts="0" />
                          <test-case name="MusicCollectionTest.ToolBox.LiveCollection.ListExtender+LiveReadOnlyTestor.Test" executed="True" result="Success" success="True" time="0.015" asserts="41" />
                        </results>
                      </test-suite>
                      <test-suite type="TestFixture" name="ListExtensionTestor" executed="True" result="Success" success="True" time="0.013" asserts="0">
                        <categories>
                          <category name="Unitary" />
                          <category name="ToolBox" />
                        </categories>
                        <results>
                          <test-case name="MusicCollectionTest.ToolBox.LiveCollection.ListExtensionTestor.Test_1" executed="True" result="Success" success="True" time="0.005" asserts="0" />
                          <test-case name="MusicCollectionTest.ToolBox.LiveCollection.ListExtensionTestor.Test_Trivial" executed="True" result="Success" success="True" time="0.002" asserts="0" />
                        </results>
                      </test-suite>
                      <test-suite type="TestFixture" name="LiveDistinctTestor" executed="True" result="Success" success="True" time="0.030" asserts="0">
                        <categories>
                          <category name="ToolBox" />
                          <category name="Unitary" />
                        </categories>
                        <results>
                          <test-case name="MusicCollectionTest.ToolBox.LiveCollection.LiveDistinctTestor.Test_1" executed="True" result="Success" success="True" time="0.028" asserts="81" />
                        </results>
                      </test-suite>
                      <test-suite type="TestFixture" name="LiveLookUpTestor" executed="True" result="Success" success="True" time="0.039" asserts="0">
                        <categories>
                          <category name="Unitary" />
                          <category name="ToolBox" />
                        </categories>
                        <results>
                          <test-case name="MusicCollectionTest.ToolBox.LiveCollection.LiveLookUpTestor.Test_1" executed="True" result="Success" success="True" time="0.037" asserts="16" />
                        </results>
                      </test-suite>
                      <test-suite type="TestFixture" name="LiveLookUpTestor2" executed="True" result="Success" success="True" time="0.042" asserts="0">
                        <categories>
                          <category name="Unitary" />
                          <category name="ToolBox" />
                        </categories>
                        <results>
                          <test-case name="MusicCollectionTest.ToolBox.LiveCollection.LiveLookUpTestor2.Test_1" executed="True" result="Success" success="True" time="0.040" asserts="22" />
                        </results>
                      </test-suite>
                      <test-suite type="TestFixture" name="LiveOrderByTestor" executed="True" result="Success" success="True" time="0.125" asserts="0">
                        <categories>
                          <category name="ToolBox" />
                          <category name="Unitary" />
                        </categories>
                        <results>
                          <test-case name="MusicCollectionTest.ToolBox.LiveCollection.LiveOrderByTestor.Test_1" executed="True" result="Success" success="True" time="0.028" asserts="76" />
                          <test-case name="MusicCollectionTest.ToolBox.LiveCollection.LiveOrderByTestor.TestSimpleOrdered" executed="True" result="Success" success="True" time="0.034" asserts="0" />
                        </results>
                      </test-suite>
                      <test-suite type="TestFixture" name="LiveSelectManyTestor" executed="True" result="Success" success="True" time="0.012" asserts="0">
                        <categories>
                          <category name="ToolBox" />
                          <category name="Unitary" />
                        </categories>
                        <results>
                          <test-case name="MusicCollectionTest.ToolBox.LiveCollection.LiveSelectManyTestor.Test_1" executed="True" result="Success" success="True" time="0.009" asserts="61" />
                        </results>
                      </test-suite>
                      <test-suite type="TestFixture" name="LiveSelectManyTestor2" executed="True" result="Success" success="True" time="0.028" asserts="0">
                        <categories>
                          <category name="ToolBox" />
                          <category name="Unitary" />
                        </categories>
                        <results>
                          <test-case name="MusicCollectionTest.ToolBox.LiveCollection.LiveSelectManyTestor2.Test_LiveSelectManyTestor2" executed="True" result="Success" success="True" time="0.027" asserts="0" />
                        </results>
                      </test-suite>
                      <test-suite type="TestFixture" name="LiveSelectStringTestor" executed="True" result="Success" success="True" time="0.323" asserts="0">
                        <categories>
                          <category name="ToolBox" />
                          <category name="Unitary" />
                        </categories>
                        <results>
                          <test-case name="MusicCollectionTest.ToolBox.LiveCollection.LiveSelectStringTestor.Test" executed="True" result="Success" success="True" time="0.321" asserts="27" />
                        </results>
                      </test-suite>
                      <test-suite type="TestFixture" name="LiveSelectTestor" executed="True" result="Success" success="True" time="0.009" asserts="0">
                        <categories>
                          <category name="Unitary" />
                          <category name="ToolBox" />
                        </categories>
                        <results>
                          <test-case name="MusicCollectionTest.ToolBox.LiveCollection.LiveSelectTestor.Test" executed="True" result="Success" success="True" time="0.007" asserts="87" />
                        </results>
                      </test-suite>
                      <test-suite type="TestFixture" name="LiveWhereTestor" executed="True" result="Success" success="True" time="0.119" asserts="0">
                        <categories>
                          <category name="Unitary" />
                          <category name="ToolBox" />
                        </categories>
                        <results>
                          <test-case name="MusicCollectionTest.ToolBox.LiveCollection.LiveWhereTestor.NoChanges" executed="True" result="Success" success="True" time="0.005" asserts="0" />
                          <test-case name="MusicCollectionTest.ToolBox.LiveCollection.LiveWhereTestor.Test_1" executed="True" result="Success" success="True" time="0.009" asserts="84" />
                          <test-case name="MusicCollectionTest.ToolBox.LiveCollection.LiveWhereTestor.TestGroupChange" executed="True" result="Success" success="True" time="0.007" asserts="0" />
                          <test-case name="MusicCollectionTest.ToolBox.LiveCollection.LiveWhereTestor.TestGroupChange_Individual" executed="True" result="Success" success="True" time="0.005" asserts="0" />
                        </results>
                      </test-suite>
                      <test-suite type="TestFixture" name="ReadOnlyObservedCollectionOrderedTestor" executed="True" result="Inconclusive" success="False" time="0.000" asserts="0">
                        <categories>
                          <category name="ToolBox" />
                          <category name="Unitary" />
                        </categories>
                      </test-suite>
                    </results>
                  </test-suite>
                  <test-suite type="TestFixture" name="LookUpImplTester" executed="True" result="Success" success="True" time="0.080" asserts="0">
                    <categories>
                      <category name="Unitary" />
                      <category name="ToolBox" />
                    </categories>
                    <results>
                      <test-case name="MusicCollectionTest.ToolBox.LookUpImplTester.BasicTest" executed="True" result="Success" success="True" time="0.031" asserts="18" />
                      <test-case name="MusicCollectionTest.ToolBox.LookUpImplTester.BasicTest2" executed="True" result="Success" success="True" time="0.006" asserts="9" />
                      <test-case name="MusicCollectionTest.ToolBox.LookUpImplTester.UpdateTest" executed="True" result="Success" success="True" time="0.011" asserts="63" />
                    </results>
                  </test-suite>
                  <test-suite type="Namespace" name="Maths" executed="True" result="Success" success="True" time="0.003" asserts="0">
                    <results>
                      <test-suite type="TestFixture" name="SecondDegreeSolverTest" executed="True" result="Success" success="True" time="0.002" asserts="0">
                        <categories>
                          <category name="Unitary" />
                          <category name="ToolBox" />
                        </categories>
                        <results>
                          <test-case name="MusicCollectionTest.ToolBox.Maths.SecondDegreeSolverTest.Test0" executed="True" result="Success" success="True" time="0.001" asserts="0" />
                        </results>
                      </test-suite>
                    </results>
                  </test-suite>
                  <test-suite type="TestFixture" name="ModelToUISafeCollectionHandler" executed="True" result="Success" success="True" time="0.061" asserts="0">
                    <categories>
                      <category name="ToolBox" />
                      <category name="Unitary" />
                    </categories>
                    <results>
                      <test-case name="MusicCollectionTest.ToolBox.ModelToUISafeCollectionHandler.BasicTest" executed="True" result="Success" success="True" time="0.008" asserts="40" />
                      <test-case name="MusicCollectionTest.ToolBox.ModelToUISafeCollectionHandler.BasicTestModel" executed="True" result="Success" success="True" time="0.005" asserts="250" />
                      <test-case name="MusicCollectionTest.ToolBox.ModelToUISafeCollectionHandler.BasicTestModifiableUI" executed="True" result="Success" success="True" time="0.002" asserts="192" />
                      <test-case name="MusicCollectionTest.ToolBox.ModelToUISafeCollectionHandler.CheckSort" executed="True" result="Success" success="True" time="0.000" asserts="15" />
                      <test-case name="MusicCollectionTest.ToolBox.ModelToUISafeCollectionHandler.ReadOnlyDefense1" executed="True" result="Success" success="True" time="0.001" asserts="1" />
                      <test-case name="MusicCollectionTest.ToolBox.ModelToUISafeCollectionHandler.ReadOnlyDefense2" executed="True" result="Success" success="True" time="0.001" asserts="1" />
                      <test-case name="MusicCollectionTest.ToolBox.ModelToUISafeCollectionHandler.ReadOnlyDefense3" executed="True" result="Success" success="True" time="0.001" asserts="1" />
                      <test-case name="MusicCollectionTest.ToolBox.ModelToUISafeCollectionHandler.ReadOnlyDefense4" executed="True" result="Success" success="True" time="0.002" asserts="0" />
                    </results>
                  </test-suite>
                  <test-suite type="TestFixture" name="PathDecomposeurTestor" executed="True" result="Success" success="True" time="0.002" asserts="0">
                    <categories>
                      <category name="ToolBox" />
                      <category name="Unitary" />
                    </categories>
                    <results>
                      <test-case name="MusicCollectionTest.ToolBox.PathDecomposeurTestor.Test1" executed="True" result="Success" success="True" time="0.001" asserts="29" />
                    </results>
                  </test-suite>
                  <test-suite type="TestFixture" name="PropertyChangedEventHandlerUISafeEventTestor" executed="True" result="Success" success="True" time="0.014" asserts="0">
                    <categories>
                      <category name="Unitary" />
                      <category name="ToolBox" />
                    </categories>
                    <results>
                      <test-case name="MusicCollectionTest.ToolBox.PropertyChangedEventHandlerUISafeEventTestor.Asynchrone_Event_Test" executed="True" result="Success" success="True" time="0.002" asserts="0" />
                      <test-case name="MusicCollectionTest.ToolBox.PropertyChangedEventHandlerUISafeEventTestor.Simple_Event_Test" executed="True" result="Success" success="True" time="0.002" asserts="0" />
                      <test-case name="MusicCollectionTest.ToolBox.PropertyChangedEventHandlerUISafeEventTestor.Zero_Event_Test" executed="True" result="Success" success="True" time="0.001" asserts="0" />
                    </results>
                  </test-suite>
                  <test-suite type="TestFixture" name="PropertyChangedEventHandlerUISafeEventTestorDispatcher" executed="True" result="Success" success="True" time="0.547" asserts="0">
                    <categories>
                      <category name="ToolBox" />
                      <category name="Unitary" />
                    </categories>
                    <results>
                      <test-case name="MusicCollectionTest.ToolBox.PropertyChangedEventHandlerUISafeEventTestorDispatcher.AsSynchrone_Event_Test_OtherThread" executed="True" result="Success" success="True" time="0.515" asserts="0" />
                      <test-case name="MusicCollectionTest.ToolBox.PropertyChangedEventHandlerUISafeEventTestorDispatcher.Synchrone_Event_Test_OtherThread" executed="True" result="Success" success="True" time="0.026" asserts="0" />
                    </results>
                  </test-suite>
                  <test-suite type="TestFixture" name="ReadableDuplicateStreamTestor" executed="True" result="Success" success="True" time="0.199" asserts="0">
                    <categories>
                      <category name="Unitary" />
                      <category name="ToolBox" />
                    </categories>
                    <results>
                      <test-case name="MusicCollectionTest.ToolBox.ReadableDuplicateStreamTestor.TestBasicDuplicate" executed="True" result="Success" success="True" time="0.005" asserts="0" />
                      <test-case name="MusicCollectionTest.ToolBox.ReadableDuplicateStreamTestor.TestBasicDuplicate_2" executed="True" result="Success" success="True" time="0.117" asserts="0" />
                      <test-case name="MusicCollectionTest.ToolBox.ReadableDuplicateStreamTestor.TestBasicDuplicate_Async" executed="True" result="Success" success="True" time="0.021" asserts="0" />
                      <test-case name="MusicCollectionTest.ToolBox.ReadableDuplicateStreamTestor.TestBasicDuplicate_BadCall" executed="True" result="Success" success="True" time="0.003" asserts="0" />
                      <test-case name="MusicCollectionTest.ToolBox.ReadableDuplicateStreamTestor.TestBasicDuplicate_BadCall2" executed="True" result="Success" success="True" time="0.009" asserts="0" />
                      <test-case name="MusicCollectionTest.ToolBox.ReadableDuplicateStreamTestor.TestBasicDuplicate_Decal" executed="True" result="Success" success="True" time="0.006" asserts="0" />
                      <test-case name="MusicCollectionTest.ToolBox.ReadableDuplicateStreamTestor.TestBasicDuplicate_Decal_Seek" executed="True" result="Success" success="True" time="0.008" asserts="0" />
                    </results>
                  </test-suite>
                  <test-suite type="TestFixture" name="ReadOnlyInterfacedObservableCollectionTestor" executed="True" result="Success" success="True" time="0.003" asserts="0">
                    <categories>
                      <category name="ToolBox" />
                      <category name="Unitary" />
                    </categories>
                    <results>
                      <test-case name="MusicCollectionTest.ToolBox.ReadOnlyInterfacedObservableCollectionTestor.Test_1" executed="True" result="Success" success="True" time="0.001" asserts="20" />
                    </results>
                  </test-suite>
                  <test-suite type="TestFixture" name="SafeCollectionModifierTester" executed="True" result="Success" success="True" time="0.132" asserts="0">
                    <categories>
                      <category name="Unitary" />
                      <category name="ToolBox" />
                    </categories>
                    <results>
                      <test-case name="MusicCollectionTest.ToolBox.SafeCollectionModifierTester.BasicTest" executed="True" result="Success" success="True" time="0.006" asserts="5" />
                      <test-case name="MusicCollectionTest.ToolBox.SafeCollectionModifierTester.BasicTest2" executed="True" result="Success" success="True" time="0.002" asserts="4" />
                      <test-case name="MusicCollectionTest.ToolBox.SafeCollectionModifierTester.BasicTestAdd" executed="True" result="Success" success="True" time="0.007" asserts="13" />
                      <test-case name="MusicCollectionTest.ToolBox.SafeCollectionModifierTester.BasicTestWithListener" executed="True" result="Success" success="True" time="0.008" asserts="13" />
                      <test-case name="MusicCollectionTest.ToolBox.SafeCollectionModifierTester.BasicTestWithReplace" executed="True" result="Success" success="True" time="0.002" asserts="0" />
                    </results>
                  </test-suite>
                  <test-suite type="TestFixture" name="SimpleLookImplTestor" executed="True" result="Success" success="True" time="0.051" asserts="0">
                    <categories>
                      <category name="Unitary" />
                      <category name="ToolBox" />
                    </categories>
                    <results>
                      <test-case name="MusicCollectionTest.ToolBox.SimpleLookImplTestor.Test0" executed="True" result="Success" success="True" time="0.050" asserts="0" />
                    </results>
                  </test-suite>
                  <test-suite type="TestFixture" name="SimpleSetTestor" executed="True" result="Success" success="True" time="0.091" asserts="0">
                    <categories>
                      <category name="ToolBox" />
                      <category name="Unitary" />
                    </categories>
                    <results>
                      <test-case name="MusicCollectionTest.ToolBox.SimpleSetTestor.HashTest" executed="True" result="Success" success="True" time="0.004" asserts="0" />
                      <test-case name="MusicCollectionTest.ToolBox.SimpleSetTestor.HashTest2" executed="True" result="Success" success="True" time="0.002" asserts="0" />
                      <test-case name="MusicCollectionTest.ToolBox.SimpleSetTestor.ListTest" executed="True" result="Success" success="True" time="0.000" asserts="0" />
                      <test-case name="MusicCollectionTest.ToolBox.SimpleSetTestor.ListTest2" executed="True" result="Success" success="True" time="0.001" asserts="0" />
                      <test-case name="MusicCollectionTest.ToolBox.SimpleSetTestor.ListTest3" executed="True" result="Success" success="True" time="0.002" asserts="0" />
                      <test-case name="MusicCollectionTest.ToolBox.SimpleSetTestor.PolyMorphFactory_Empty" executed="True" result="Success" success="True" time="0.003" asserts="0" />
                      <test-case name="MusicCollectionTest.ToolBox.SimpleSetTestor.PolyMorphFactory_LessThanMax" executed="True" result="Success" success="True" time="0.001" asserts="0" />
                      <test-case name="MusicCollectionTest.ToolBox.SimpleSetTestor.PolyMorphFactory_LessThanMaxWithDuplicate" executed="True" result="Success" success="True" time="0.001" asserts="0" />
                      <test-case name="MusicCollectionTest.ToolBox.SimpleSetTestor.PolyMorphFactory_MoreThanMax" executed="True" result="Success" success="True" time="0.001" asserts="0" />
                      <test-case name="MusicCollectionTest.ToolBox.SimpleSetTestor.PolyMorphFactory_NullException" executed="True" result="Success" success="True" time="0.001" asserts="0" />
                      <test-case name="MusicCollectionTest.ToolBox.SimpleSetTestor.PolyMorphFactory_One" executed="True" result="Success" success="True" time="0.000" asserts="0" />
                      <test-case name="MusicCollectionTest.ToolBox.SimpleSetTestor.PolyMorphSetTest" executed="True" result="Success" success="True" time="0.004" asserts="0" />
                      <test-case name="MusicCollectionTest.ToolBox.SimpleSetTestor.PolyMorphSetTest_Bis" executed="True" result="Success" success="True" time="0.001" asserts="0" />
                      <test-case name="MusicCollectionTest.ToolBox.SimpleSetTestor.PolyMorphSetTest2" executed="True" result="Success" success="True" time="0.003" asserts="0" />
                      <test-case name="MusicCollectionTest.ToolBox.SimpleSetTestor.PolyMorphSetTest3" executed="True" result="Success" success="True" time="0.002" asserts="0" />
                      <test-case name="MusicCollectionTest.ToolBox.SimpleSetTestor.SingleTest" executed="True" result="Success" success="True" time="0.000" asserts="0" />
                      <test-case name="MusicCollectionTest.ToolBox.SimpleSetTestor.SingleTest2" executed="True" result="Success" success="True" time="0.001" asserts="0" />
                    </results>
                  </test-suite>
                  <test-suite type="TestFixture" name="StreamExtenderTestor" executed="True" result="Success" success="True" time="0.013" asserts="0">
                    <categories>
                      <category name="ToolBox" />
                      <category name="Unitary" />
                    </categories>
                    <results>
                      <test-case name="MusicCollectionTest.ToolBox.StreamExtenderTestor.Stream_Different_Different_Size" executed="True" result="Success" success="True" time="0.000" asserts="0" />
                      <test-case name="MusicCollectionTest.ToolBox.StreamExtenderTestor.Stream_Different_Same_Size" executed="True" result="Success" success="True" time="0.000" asserts="0" />
                      <test-case name="MusicCollectionTest.ToolBox.StreamExtenderTestor.Stream_Null" executed="True" result="Success" success="True" time="0.001" asserts="0" />
                      <test-case name="MusicCollectionTest.ToolBox.StreamExtenderTestor.Stream_Same_Buffer" executed="True" result="Success" success="True" time="0.000" asserts="0" />
                    </results>
                  </test-suite>
                  <test-suite type="TestFixture" name="stringParserTester" executed="True" result="Success" success="True" time="0.042" asserts="0">
                    <categories>
                      <category name="ToolBox" />
                      <category name="Unitary" />
                    </categories>
                    <results>
                      <test-case name="MusicCollectionTest.ToolBox.stringParserTester.DirectoryHelperTester" executed="True" result="Success" success="True" time="0.002" asserts="13" />
                      <test-case name="MusicCollectionTest.ToolBox.stringParserTester.StringExtenderNormalizeSpace" executed="True" result="Success" success="True" time="0.000" asserts="3" />
                      <test-case name="MusicCollectionTest.ToolBox.stringParserTester.StringExtenderRemoveInvalidCharacters" executed="True" result="Success" success="True" time="0.000" asserts="7" />
                      <test-case name="MusicCollectionTest.ToolBox.stringParserTester.StringExtenderTitleLike" executed="True" result="Success" success="True" time="0.001" asserts="3" />
                      <test-case name="MusicCollectionTest.ToolBox.stringParserTester.StringExtenderToMaxLength" executed="True" result="Success" success="True" time="0.000" asserts="5" />
                      <test-case name="MusicCollectionTest.ToolBox.stringParserTester.Test_FormatExistingRelativeDirectoryName" executed="True" result="Success" success="True" time="0.001" asserts="0" />
                      <test-case name="MusicCollectionTest.ToolBox.stringParserTester.Test_FormatFileName" executed="True" result="Success" success="True" time="0.001" asserts="0" />
                      <test-case name="MusicCollectionTest.ToolBox.stringParserTester.Test_FormatForDirectoryName" executed="True" result="Success" success="True" time="0.000" asserts="0" />
                      <test-case name="MusicCollectionTest.ToolBox.stringParserTester.Test_TitleLike_Fail" executed="True" result="Success" success="True" time="0.001" asserts="0" />
                    </results>
                  </test-suite>
                  <test-suite type="TestFixture" name="StrongCacheCollectionTester" executed="True" result="Success" success="True" time="0.014" asserts="0">
                    <categories>
                      <category name="Unitary" />
                      <category name="ToolBox" />
                    </categories>
                    <results>
                      <test-case name="MusicCollectionTest.ToolBox.StrongCacheCollectionTester.BasicTest" executed="True" result="Success" success="True" time="0.007" asserts="13" />
                      <test-case name="MusicCollectionTest.ToolBox.StrongCacheCollectionTester.BasicTest_Part2" executed="True" result="Success" success="True" time="0.002" asserts="0" />
                    </results>
                  </test-suite>
                  <test-suite type="TestFixture" name="UISafeEventTestor" executed="True" result="Success" success="True" time="0.012" asserts="0">
                    <categories>
                      <category name="ToolBox" />
                      <category name="Unitary" />
                    </categories>
                    <results>
                      <test-case name="MusicCollectionTest.ToolBox.UISafeEventTestor.Asynchrone_Event_Test" executed="True" result="Success" success="True" time="0.002" asserts="0" />
                      <test-case name="MusicCollectionTest.ToolBox.UISafeEventTestor.Simple_Event_Test" executed="True" result="Success" success="True" time="0.002" asserts="0" />
                      <test-case name="MusicCollectionTest.ToolBox.UISafeEventTestor.Zero_Event_Test" executed="True" result="Success" success="True" time="0.000" asserts="0" />
                    </results>
                  </test-suite>
                  <test-suite type="TestFixture" name="UISafeEventTestorDispatcher" executed="True" result="Success" success="True" time="0.568" asserts="0">
                    <categories>
                      <category name="ToolBox" />
                      <category name="Unitary" />
                    </categories>
                    <results>
                      <test-case name="MusicCollectionTest.ToolBox.UISafeEventTestorDispatcher.AsSynchrone_Event_Test_OtherThread" executed="True" result="Success" success="True" time="0.527" asserts="0" />
                      <test-case name="MusicCollectionTest.ToolBox.UISafeEventTestorDispatcher.Synchrone_Event_Test_OtherThread" executed="True" result="Success" success="True" time="0.033" asserts="0" />
                    </results>
                  </test-suite>
                  <test-suite type="TestFixture" name="UISafeObservableCollectionUnicTestor" executed="True" result="Success" success="True" time="0.037" asserts="0">
                    <categories>
                      <category name="Unitary" />
                      <category name="ToolBox" />
                    </categories>
                    <results>
                      <test-case name="MusicCollectionTest.ToolBox.UISafeObservableCollectionUnicTestor.TestSimple_Constructor" executed="True" result="Success" success="True" time="0.003" asserts="0" />
                      <test-case name="MusicCollectionTest.ToolBox.UISafeObservableCollectionUnicTestor.TestSimple_Constructor_2" executed="True" result="Success" success="True" time="0.001" asserts="0" />
                      <test-case name="MusicCollectionTest.ToolBox.UISafeObservableCollectionUnicTestor.TestSimple_Insert_OK" executed="True" result="Success" success="True" time="0.001" asserts="0" />
                      <test-case name="MusicCollectionTest.ToolBox.UISafeObservableCollectionUnicTestor.TestSimpleAdd" executed="True" result="Success" success="True" time="0.001" asserts="0" />
                      <test-case name="MusicCollectionTest.ToolBox.UISafeObservableCollectionUnicTestor.TestSimpleAdd_2" executed="True" result="Success" success="True" time="0.002" asserts="0" />
                      <test-case name="MusicCollectionTest.ToolBox.UISafeObservableCollectionUnicTestor.TestSimpleAdd_NoDuplicate" executed="True" result="Success" success="True" time="0.001" asserts="0" />
                      <test-case name="MusicCollectionTest.ToolBox.UISafeObservableCollectionUnicTestor.TestSimpleRemove" executed="True" result="Success" success="True" time="0.001" asserts="0" />
                    </results>
                  </test-suite>
                  <test-suite type="Namespace" name="ZipToolsTestor" executed="True" result="Success" success="True" time="4.803" asserts="0">
                    <results>
                      <test-suite type="TestFixture" name="IZipperExtenderTestor" executed="True" result="Success" success="True" time="0.062" asserts="0">
                        <categories>
                          <category name="ToolBox" />
                          <category name="Unitary" />
                        </categories>
                        <results>
                          <test-case name="MusicCollectionTest.ToolBox.ZipToolsTestor.IZipperExtenderTestor.Test_UnSerializeSafe" executed="True" result="Success" success="True" time="0.021" asserts="0" />
                          <test-case name="MusicCollectionTest.ToolBox.ZipToolsTestor.IZipperExtenderTestor.Test_UnSerializeSafe_Success" executed="True" result="Success" success="True" time="0.003" asserts="0" />
                          <test-case name="MusicCollectionTest.ToolBox.ZipToolsTestor.IZipperExtenderTestor.Test_Zipp" executed="True" result="Success" success="True" time="0.012" asserts="0" />
                          <test-case name="MusicCollectionTest.ToolBox.ZipToolsTestor.IZipperExtenderTestor.Test_ZippAsync" executed="True" result="Success" success="True" time="0.009" asserts="0" />
                        </results>
                      </test-suite>
                      <test-suite type="TestFixture" name="UnZipZippSevenSharpTestor" executed="True" result="Success" success="True" time="4.737" asserts="0">
                        <categories>
                          <category name="ToolBox" />
                          <category name="Unitary" />
                        </categories>
                        <results>
                          <test-case name="MusicCollectionTest.ToolBox.ZipToolsTestor.UnZipZippSevenSharpTestor.Test_AlreadyExist" executed="True" result="Success" success="True" time="1.463" asserts="0" />
                          <test-case name="MusicCollectionTest.ToolBox.ZipToolsTestor.UnZipZippSevenSharpTestor.Test_Async" executed="True" result="Success" success="True" time="1.960" asserts="0" />
                          <test-case name="MusicCollectionTest.ToolBox.ZipToolsTestor.UnZipZippSevenSharpTestor.Test_Exception" executed="True" result="Success" success="True" time="0.002" asserts="0" />
                          <test-case name="MusicCollectionTest.ToolBox.ZipToolsTestor.UnZipZippSevenSharpTestor.Test_Sync" executed="True" result="Success" success="True" time="1.299" asserts="0" />
                        </results>
                      </test-suite>
                    </results>
                  </test-suite>
                </results>
              </test-suite>
              <test-suite type="Namespace" name="Update" executed="True" result="Inconclusive" success="False" time="0.023" asserts="0">
                <results>
                  <test-suite type="TestFixture" name="Clean_Updater_Cleaner_Album_Cover_Art" executed="False" result="Ignored">
                    <categories>
                      <category name="Update" />
                    </categories>
                    <reason>
                      <message><![CDATA[Sample of how upadte album art from file id3 tags]]></message>
                    </reason>
                    <results>
                      <test-case name="MusicCollectionTest.Update.Clean_Updater_Cleaner_Album_Cover_Art.Test" executed="False" result="Ignored">
                        <reason>
                          <message><![CDATA[Sample of how upadte album art from file id3 tags]]></message>
                        </reason>
                      </test-case>
                    </results>
                  </test-suite>
                  <test-suite type="TestFixture" name="Updater" executed="False" result="Ignored">
                    <categories>
                      <category name="Update" />
                    </categories>
                    <reason>
                      <message><![CDATA[Sample of how upadte id3 flags from meta data]]></message>
                    </reason>
                    <results>
                      <test-case name="MusicCollectionTest.Update.Updater.Test" executed="False" result="Ignored">
                        <reason>
                          <message><![CDATA[Sample of how upadte id3 flags from meta data]]></message>
                        </reason>
                      </test-case>
                    </results>
                  </test-suite>
                </results>
              </test-suite>
              <test-suite type="Namespace" name="ViewModelHelper" executed="True" result="Success" success="True" time="35.330" asserts="0">
                <results>
                  <test-suite type="TestFixture" name="ModelViewBaseTest" executed="True" result="Success" success="True" time="0.071" asserts="0">
                    <categories>
                      <category name="ViewModel" />
                      <category name="Unitary" />
                    </categories>
                    <results>
                      <test-case name="MusicCollectionTest.ViewModelHelper.ModelViewBaseTest.TestDisposableRegister" executed="True" result="Success" success="True" time="0.001" asserts="0" />
                      <test-case name="MusicCollectionTest.ViewModelHelper.ModelViewBaseTest.TestFather_Dummy" executed="True" result="Success" success="True" time="0.000" asserts="0" />
                      <test-case name="MusicCollectionTest.ViewModelHelper.ModelViewBaseTest.TestFather_Dummy_2" executed="True" result="Success" success="True" time="0.052" asserts="0" />
                      <test-case name="MusicCollectionTest.ViewModelHelper.ModelViewBaseTest.TestFather_Dummy_Father_Not_Null" executed="True" result="Success" success="True" time="0.001" asserts="0" />
                      <test-case name="MusicCollectionTest.ViewModelHelper.ModelViewBaseTest.TestFather_Dummy_Father_Null" executed="True" result="Success" success="True" time="0.000" asserts="0" />
                    </results>
                  </test-suite>
                  <test-suite type="TestFixture" name="RelayCommandTest" executed="True" result="Success" success="True" time="35.214" asserts="0">
                    <categories>
                      <category name="Unitary" />
                      <category name="ViewModelHelper" />
                    </categories>
                    <results>
                      <test-case name="MusicCollectionTest.ViewModelHelper.RelayCommandTest.TestBasic" executed="True" result="Success" success="True" time="0.073" asserts="0" />
                      <test-case name="MusicCollectionTest.ViewModelHelper.RelayCommandTest.TestBasic_2" executed="True" result="Success" success="True" time="0.002" asserts="0" />
                      <test-case name="MusicCollectionTest.ViewModelHelper.RelayCommandTest.TestBasic_3_0" executed="True" result="Success" success="True" time="0.003" asserts="0" />
                      <test-case name="MusicCollectionTest.ViewModelHelper.RelayCommandTest.TestBasic_3_Typed_Dynamic" executed="True" result="Success" success="True" time="0.008" asserts="0" />
                      <test-case name="MusicCollectionTest.ViewModelHelper.RelayCommandTest.TestBasic_3_Typed_Dynamic_100_P" executed="True" result="Success" success="True" time="0.007" asserts="0" />
                      <test-case name="MusicCollectionTest.ViewModelHelper.RelayCommandTest.TestBasic_3_Typed_Dynamic_100_P_2" executed="True" result="Success" success="True" time="0.003" asserts="0" />
                      <test-case name="MusicCollectionTest.ViewModelHelper.RelayCommandTest.TestBasic_3_Typed_Dynamic_100_P_3" executed="True" result="Success" success="True" time="0.003" asserts="0" />
                      <test-case name="MusicCollectionTest.ViewModelHelper.RelayCommandTest.TestBasic_3_Typed_Dynamic_100_P_4" executed="True" result="Success" success="True" time="0.003" asserts="0" />
                      <test-case name="MusicCollectionTest.ViewModelHelper.RelayCommandTest.TestBasic_3_Typed_Dynamic_2" executed="True" result="Success" success="True" time="0.004" asserts="0" />
                      <test-case name="MusicCollectionTest.ViewModelHelper.RelayCommandTest.TestBasic_3_Typed_Dynamic_Async_2" executed="True" result="Success" success="True" time="7.006" asserts="0" />
                      <test-case name="MusicCollectionTest.ViewModelHelper.RelayCommandTest.TestBasic_3_Typed_Dynamic_Async_2_Second_API_Call" executed="True" result="Success" success="True" time="7.004" asserts="0" />
                      <test-case name="MusicCollectionTest.ViewModelHelper.RelayCommandTest.TestBasic_3_Typed_Dynamic_Async_FromAction" executed="True" result="Success" success="True" time="7.013" asserts="0" />
                      <test-case name="MusicCollectionTest.ViewModelHelper.RelayCommandTest.TestBasic_3_Typed_Dynamic_Async_FromTask" executed="True" result="Success" success="True" time="7.004" asserts="0" />
                      <test-case name="MusicCollectionTest.ViewModelHelper.RelayCommandTest.TestBasic_3_Typed_Dynamic_Async_FromTask_And_Condition" executed="True" result="Success" success="True" time="7.005" asserts="0" />
                    </results>
                  </test-suite>
                  <test-suite type="TestFixture" name="ViewModelBinderTestor" executed="True" result="Success" success="True" time="0.029" asserts="0">
                    <categories>
                      <category name="ViewModel" />
                      <category name="Unitary" />
                    </categories>
                    <results>
                      <test-case name="MusicCollectionTest.ViewModelHelper.ViewModelBinderTestor.Test_KO_Argument" executed="True" result="Success" success="True" time="0.008" asserts="0" />
                      <test-case name="MusicCollectionTest.ViewModelHelper.ViewModelBinderTestor.Test_OK_Simple" executed="True" result="Success" success="True" time="0.002" asserts="0" />
                      <test-case name="MusicCollectionTest.ViewModelHelper.ViewModelBinderTestor.Test_OK_Simple_Inheritence" executed="True" result="Success" success="True" time="0.002" asserts="0" />
                      <test-case name="MusicCollectionTest.ViewModelHelper.ViewModelBinderTestor.Test_OK_Simple_NoFound" executed="True" result="Success" success="True" time="0.002" asserts="0" />
                    </results>
                  </test-suite>
                </results>
              </test-suite>
              <test-suite type="Namespace" name="ViewModelTestor" executed="True" result="Success" success="True" time="0.876" asserts="0">
                <results>
                  <test-suite type="TestFixture" name="AfinityAlbumComparerTestor" executed="True" result="Success" success="True" time="0.372" asserts="0">
                    <categories>
                      <category name="Unitary" />
                    </categories>
                    <results>
                      <test-case name="MusicCollectionTest.ViewModelTestor.AfinityAlbumComparerTestor.FullTest" executed="True" result="Success" success="True" time="0.370" asserts="0" />
                    </results>
                  </test-suite>
                  <test-suite type="TestFixture" name="AfinityCollectionTestor" executed="True" result="Success" success="True" time="0.188" asserts="0">
                    <categories>
                      <category name="Unitary" />
                    </categories>
                    <results>
                      <test-case name="MusicCollectionTest.ViewModelTestor.AfinityCollectionTestor.EmpyShouldBeEmpty" executed="True" result="Success" success="True" time="0.004" asserts="0" />
                      <test-case name="MusicCollectionTest.ViewModelTestor.AfinityCollectionTestor.Normal_CompleteTest" executed="True" result="Success" success="True" time="0.012" asserts="0" />
                      <test-case name="MusicCollectionTest.ViewModelTestor.AfinityCollectionTestor.Normal_CompleteTest_2" executed="True" result="Success" success="True" time="0.007" asserts="0" />
                      <test-case name="MusicCollectionTest.ViewModelTestor.AfinityCollectionTestor.Normal_CompleteTest_3" executed="True" result="Success" success="True" time="0.007" asserts="0" />
                      <test-case name="MusicCollectionTest.ViewModelTestor.AfinityCollectionTestor.Normal_CompleteTest_AddFirst" executed="True" result="Success" success="True" time="0.006" asserts="0" />
                      <test-case name="MusicCollectionTest.ViewModelTestor.AfinityCollectionTestor.Normal_CompleteTest_AsyncAPI" executed="True" result="Success" success="True" time="0.011" asserts="0" />
                      <test-case name="MusicCollectionTest.ViewModelTestor.AfinityCollectionTestor.Normal_CompleteTest_ChangeElement" executed="True" result="Success" success="True" time="0.005" asserts="0" />
                      <test-case name="MusicCollectionTest.ViewModelTestor.AfinityCollectionTestor.Normal_CompleteTest_ChangeElement_Middle" executed="True" result="Success" success="True" time="0.018" asserts="0" />
                      <test-case name="MusicCollectionTest.ViewModelTestor.AfinityCollectionTestor.Normal_CompleteTest_ChangeElement_NoImpact" executed="True" result="Success" success="True" time="0.005" asserts="0" />
                      <test-case name="MusicCollectionTest.ViewModelTestor.AfinityCollectionTestor.Normal_CompleteTest_ClearSource" executed="True" result="Success" success="True" time="0.006" asserts="0" />
                      <test-case name="MusicCollectionTest.ViewModelTestor.AfinityCollectionTestor.Normal_CompleteTest_Remove_All" executed="True" result="Success" success="True" time="0.007" asserts="0" />
                      <test-case name="MusicCollectionTest.ViewModelTestor.AfinityCollectionTestor.Normal_CompleteTest_Remove_In" executed="True" result="Success" success="True" time="0.007" asserts="0" />
                      <test-case name="MusicCollectionTest.ViewModelTestor.AfinityCollectionTestor.Normal_CompleteTest_Remove_Out" executed="True" result="Success" success="True" time="0.006" asserts="0" />
                      <test-case name="MusicCollectionTest.ViewModelTestor.AfinityCollectionTestor.Normal_CompleteTest_SwapElement" executed="True" result="Success" success="True" time="0.011" asserts="0" />
                    </results>
                  </test-suite>
                  <test-suite type="TestFixture" name="ExportDiscogsKeyViewModelTestor" executed="True" result="Success" success="True" time="0.133" asserts="0">
                    <categories>
                      <category name="Unitary" />
                    </categories>
                    <results>
                      <test-case name="MusicCollectionTest.ViewModelTestor.ExportDiscogsKeyViewModelTestor.Test_Commit_KO" executed="True" result="Success" success="True" time="0.093" asserts="0" />
                      <test-case name="MusicCollectionTest.ViewModelTestor.ExportDiscogsKeyViewModelTestor.Test_Commit_OK" executed="True" result="Success" success="True" time="0.002" asserts="0" />
                      <test-case name="MusicCollectionTest.ViewModelTestor.ExportDiscogsKeyViewModelTestor.Test_Commit_OK_2" executed="True" result="Success" success="True" time="0.003" asserts="0" />
                      <test-case name="MusicCollectionTest.ViewModelTestor.ExportDiscogsKeyViewModelTestor.Test_Directory_2" executed="True" result="Success" success="True" time="0.002" asserts="0" />
                      <test-case name="MusicCollectionTest.ViewModelTestor.ExportDiscogsKeyViewModelTestor.TestCommand" executed="True" result="Success" success="True" time="0.004" asserts="0" />
                      <test-case name="MusicCollectionTest.ViewModelTestor.ExportDiscogsKeyViewModelTestor.TestPassword" executed="True" result="Success" success="True" time="0.003" asserts="0" />
                    </results>
                  </test-suite>
                  <test-suite type="TestFixture" name="ImportDiscogsKeyViewModelTestor" executed="True" result="Success" success="True" time="0.165" asserts="0">
                    <categories>
                      <category name="Unitary" />
                    </categories>
                    <results>
                      <test-case name="MusicCollectionTest.ViewModelTestor.ImportDiscogsKeyViewModelTestor.Test_Commit_KO_2" executed="True" result="Success" success="True" time="0.008" asserts="0" />
                      <test-case name="MusicCollectionTest.ViewModelTestor.ImportDiscogsKeyViewModelTestor.Test_Commit_KO_Exception" executed="True" result="Success" success="True" time="0.104" asserts="0" />
                      <test-case name="MusicCollectionTest.ViewModelTestor.ImportDiscogsKeyViewModelTestor.Test_Commit_KO_IWebServicesSettings_False" executed="True" result="Success" success="True" time="0.003" asserts="0" />
                      <test-case name="MusicCollectionTest.ViewModelTestor.ImportDiscogsKeyViewModelTestor.Test_Commit_OK" executed="True" result="Success" success="True" time="0.003" asserts="0" />
                      <test-case name="MusicCollectionTest.ViewModelTestor.ImportDiscogsKeyViewModelTestor.Test_File_2" executed="True" result="Success" success="True" time="0.003" asserts="0" />
                      <test-case name="MusicCollectionTest.ViewModelTestor.ImportDiscogsKeyViewModelTestor.TestPassword" executed="True" result="Success" success="True" time="0.003" asserts="0" />
                    </results>
                  </test-suite>
                </results>
              </test-suite>
              <test-suite type="Namespace" name="WebServicesTest" executed="True" result="Success" success="True" time="0.300" asserts="0">
                <results>
                  <test-suite type="TestFixture" name="InternetFinderTest" executed="True" result="Success" success="True" time="0.268" asserts="0">
                    <categories>
                      <category name="Unitary" />
                      <category name="WebServices" />
                    </categories>
                    <results>
                      <test-case name="MusicCollectionTest.WebServicesTest.InternetFinderTest.InternetFinderTest_Test" executed="True" result="Success" success="True" time="0.267" asserts="0" />
                    </results>
                  </test-suite>
                  <test-suite type="TestFixture" name="WebQueryBaseTest" executed="True" result="Success" success="True" time="0.027" asserts="0">
                    <categories>
                      <category name="WebServices" />
                      <category name="Unitary" />
                    </categories>
                    <results>
                      <test-case name="MusicCollectionTest.WebServicesTest.WebQueryBaseTest.WebQueryBaseTest_Album" executed="True" result="Success" success="True" time="0.001" asserts="0" />
                      <test-case name="MusicCollectionTest.WebServicesTest.WebQueryBaseTest.WebQueryBaseTest_CD" executed="True" result="Success" success="True" time="0.001" asserts="0" />
                    </results>
                  </test-suite>
                </results>
              </test-suite>
            </results>
          </test-suite>
        </results>
      </test-suite>
    </results>
  </test-suite>
</test-results>