<?xml version="1.0" encoding="utf-8" standalone="no"?>
<!--This file represents the results of running a test suite-->
<test-results name="C:\Users\David\Documents\Visual Studio 2010\Projects\MusicCollection\MusicCollectionTest\MusicCollectionTest.nunit" total="3" errors="0" failures="0" not-run="0" inconclusive="0" ignored="0" skipped="0" invalid="0" date="2014-06-10" time="21:49:05">
  <environment nunit-version="2.5.10.11092" clr-version="2.0.50727.6413" os-version="Microsoft Windows NT 6.2.9200.0" platform="Win32NT" cwd="C:\Users\David\Documents\Visual Studio 2010\Projects\MusicCollection\MusicCollectionWPF\MusicCollectionWPF" machine-name="PC-DAVID" user="David" user-domain="PC-DAVID" />
  <culture-info current-culture="pt-BR" current-uiculture="pt-BR" />
  <test-suite type="Test Project" name="C:\Users\David\Documents\Visual Studio 2010\Projects\MusicCollection\MusicCollectionTest\MusicCollectionTest.nunit" executed="True" result="Success" success="True" time="40.904" asserts="0">
    <results>
      <test-suite type="Assembly" name="C:\Users\David\Documents\Visual Studio 2010\Projects\MusicCollection\MusicCollectionTest\bin\Debug\MusicCollectionTest.dll" executed="True" result="Success" success="True" time="40.798" asserts="0">
        <results>
          <test-suite type="Namespace" name="MusicCollectionTest" executed="True" result="Success" success="True" time="40.794" asserts="0">
            <results>
              <test-suite type="Namespace" name="AmazonWebService" executed="True" result="Success" success="True" time="40.794" asserts="0">
                <results>
                  <test-suite type="TestFixture" name="AmazonWebServices" executed="True" result="Success" success="True" time="40.792" asserts="21">
                    <categories>
                      <category name="InternetConnectionDependant" />
                      <category name="AmazonWebServices" />
                      <category name="Unitary" />
                    </categories>
                    <results>
                      <test-case name="MusicCollectionTest.AmazonWebService.AmazonWebServices.TestAsin" executed="True" result="Success" success="True" time="10.668" asserts="3" />
                      <test-case name="MusicCollectionTest.AmazonWebService.AmazonWebServices.TestName1" executed="True" result="Success" success="True" time="0.972" asserts="2" />
                      <test-case name="MusicCollectionTest.AmazonWebService.AmazonWebServices.TestName2" executed="True" result="Success" success="True" time="2.428" asserts="3" />
                    </results>
                  </test-suite>
                </results>
              </test-suite>
            </results>
          </test-suite>
        </results>
      </test-suite>
    </results>
  </test-suite>
</test-results>