<?xml version="1.0" encoding="utf-8" standalone="no"?>
<!--This file represents the results of running a test suite-->
<test-results name="C:\Users\David\Documents\Visual Studio 2010\Projects\MusicCollection\MusicCollectionTest\MusicCollectionTest.nunit" total="1" errors="0" failures="0" not-run="0" inconclusive="0" ignored="0" skipped="0" invalid="0" date="2014-06-30" time="00:40:59">
  <environment nunit-version="2.5.10.11092" clr-version="2.0.50727.6413" os-version="Microsoft Windows NT 6.2.9200.0" platform="Win32NT" cwd="C:\Users\David\Documents\Visual Studio 2010\Projects\MusicCollection\MusicCollectionTest" machine-name="PC-DAVID" user="David" user-domain="PC-DAVID" />
  <culture-info current-culture="pt-BR" current-uiculture="pt-BR" />
  <test-suite type="Test Project" name="C:\Users\David\Documents\Visual Studio 2010\Projects\MusicCollection\MusicCollectionTest\MusicCollectionTest.nunit" executed="True" result="Success" success="True" time="344.108" asserts="0">
    <results>
      <test-suite type="Assembly" name="C:\Users\David\Documents\Visual Studio 2010\Projects\MusicCollection\MusicCollectionTest\bin\Debug\MusicCollectionTest.dll" executed="True" result="Success" success="True" time="344.025" asserts="0">
        <results>
          <test-suite type="Namespace" name="MusicCollectionTest" executed="True" result="Success" success="True" time="344.021" asserts="0">
            <results>
              <test-suite type="SetUpFixture" name="Integrated" executed="True" result="Success" success="True" time="344.019" asserts="0">
                <results>
                  <test-suite type="TestFixture" name="UnrarTest" executed="True" result="Success" success="True" time="333.048" asserts="0">
                    <categories>
                      <category name="Integrated" />
                    </categories>
                    <results>
                      <test-case name="MusicCollectionTest.Integrated.UnrarTest.Test" executed="True" result="Success" success="True" time="308.466" asserts="20" />
                    </results>
                  </test-suite>
                </results>
              </test-suite>
            </results>
          </test-suite>
        </results>
      </test-suite>
    </results>
  </test-suite>
</test-results>