<?xml version="1.0" encoding="utf-8" standalone="no"?>
<!--This file represents the results of running a test suite-->
<test-results name="C:\Users\David\Documents\Visual Studio 2010\Projects\MusicCollection\MusicCollectionTest\MusicCollectionTest.nunit" total="0" errors="0" failures="0" not-run="0" inconclusive="0" ignored="0" skipped="0" invalid="0" date="2015-10-11" time="20:26:01">
  <environment nunit-version="2.5.10.11092" clr-version="2.0.50727.8009" os-version="Microsoft Windows NT 6.2.9200.0" platform="Win32NT" cwd="C:\Program Files (x86)\NUnit 2.5.10\bin\net-2.0" machine-name="PC-DAVID" user="David" user-domain="PC-DAVID" />
  <culture-info current-culture="pt-BR" current-uiculture="pt-BR" />
  <test-suite type="Test Project" name="C:\Users\David\Documents\Visual Studio 2010\Projects\MusicCollection\MusicCollectionTest\MusicCollectionTest.nunit" executed="True" result="Inconclusive" success="False" time="0.431" asserts="0" />
</test-results>